Log file open, 09/30/18 14:36:42
LogWindows: Failed to load 'aqProf.dll' (GetLastError=126)
LogWindows: File 'aqProf.dll' does not exist
LogWindows: Failed to load 'VSPerf140.dll' (GetLastError=126)
LogWindows: File 'VSPerf140.dll' does not exist
LogWindows: Failed to load 'VtuneApi.dll' (GetLastError=126)
LogWindows: File 'VtuneApi.dll' does not exist
LogWindows: Failed to load 'VtuneApi32e.dll' (GetLastError=126)
LogWindows: File 'VtuneApi32e.dll' does not exist
LogInit: Display: Running engine for game: TigerSouls
LogPlatformFile: Not using cached read wrapper
LogTaskGraph: Started task graph with 5 named threads and 11 total threads with 3 sets of task threads.
LogStats: Stats thread started at 8.284594
LogD3D11RHI: Loaded GFSDK_Aftermath_Lib.x64.dll
LogICUInternationalization: Display: ICU TimeZone Detection - Raw Offset: -6:00, Platform Override: ''
LogPluginManager: Mounting plugin Paper2D
LogPluginManager: Mounting plugin AISupport
LogPluginManager: Mounting plugin LightPropagationVolume
LogPluginManager: Mounting plugin CLionSourceCodeAccess
LogPluginManager: Mounting plugin CodeLiteSourceCodeAccess
LogPluginManager: Mounting plugin GitSourceControl
LogPluginManager: Mounting plugin KDevelopSourceCodeAccess
LogPluginManager: Mounting plugin NullSourceCodeAccess
LogPluginManager: Mounting plugin PerforceSourceControl
LogPluginManager: Mounting plugin SubversionSourceControl
LogPluginManager: Mounting plugin UObjectPlugin
LogPluginManager: Mounting plugin VisualStudioCodeSourceCodeAccess
LogPluginManager: Mounting plugin VisualStudioSourceCodeAccess
LogPluginManager: Mounting plugin XCodeSourceCodeAccess
LogPluginManager: Mounting plugin AssetManagerEditor
LogPluginManager: Mounting plugin CryptoKeys
LogPluginManager: Mounting plugin DataValidation
LogPluginManager: Mounting plugin FacialAnimation
LogPluginManager: Mounting plugin GameplayTagsEditor
LogPluginManager: Mounting plugin MacGraphicsSwitching
LogPluginManager: Mounting plugin MeshEditor
LogPluginManager: Mounting plugin MobileLauncherProfileWizard
LogPluginManager: Mounting plugin PluginBrowser
LogPluginManager: Mounting plugin SpeedTreeImporter
LogPluginManager: Mounting plugin DatasmithContent
LogPluginManager: Mounting plugin AlembicImporter
LogPluginManager: Mounting plugin AppleImageUtils
LogPluginManager: Mounting plugin AppleVision
LogPluginManager: Mounting plugin BackChannel
LogPluginManager: Mounting plugin CharacterAI
LogPluginManager: Mounting plugin GeometryCache
LogPluginManager: Mounting plugin HTML5Networking
LogPluginManager: Mounting plugin ProxyLODPlugin
LogPluginManager: Mounting plugin MagicLeap
LogPluginManager: Mounting plugin MagicLeapEmulator
LogPluginManager: Mounting plugin MagicLeapMedia
LogPluginManager: Mounting plugin AndroidMedia
LogPluginManager: Mounting plugin AvfMedia
LogPluginManager: Mounting plugin ImgMedia
LogPluginManager: Mounting plugin LinearTimecode
LogPluginManager: Mounting plugin MediaCompositing
LogPluginManager: Mounting plugin MediaPlayerEditor
LogPluginManager: Mounting plugin WmfMedia
LogPluginManager: Mounting plugin TcpMessaging
LogPluginManager: Mounting plugin UdpMessaging
LogPluginManager: Mounting plugin ActorSequence
LogPluginManager: Mounting plugin LevelSequenceEditor
LogPluginManager: Mounting plugin MatineeToLevelSequence
LogPluginManager: Mounting plugin NetcodeUnitTest
LogPluginManager: Mounting plugin NUTUnrealEngine4
LogPluginManager: Mounting plugin OnlineSubsystemGooglePlay
LogPluginManager: Mounting plugin OnlineSubsystemIOS
LogPluginManager: Mounting plugin OnlineSubsystem
LogPluginManager: Mounting plugin OnlineSubsystemNull
LogPluginManager: Mounting plugin OnlineSubsystemUtils
LogPluginManager: Mounting plugin LauncherChunkInstaller
LogPluginManager: Mounting plugin AndroidDeviceProfileSelector
LogPluginManager: Mounting plugin AndroidMoviePlayer
LogPluginManager: Mounting plugin AndroidPermission
LogPluginManager: Mounting plugin AppleMoviePlayer
LogPluginManager: Mounting plugin ArchVisCharacter
LogPluginManager: Mounting plugin AudioCapture
LogPluginManager: Mounting plugin CableComponent
LogPluginManager: Mounting plugin CustomMeshComponent
LogPluginManager: Mounting plugin EditableMesh
LogPluginManager: Mounting plugin ExampleDeviceProfileSelector
LogPluginManager: Mounting plugin GoogleCloudMessaging
LogPluginManager: Mounting plugin ImmediatePhysics
LogPluginManager: Mounting plugin IOSDeviceProfileSelector
LogPluginManager: Mounting plugin LinuxDeviceProfileSelector
LogPluginManager: Mounting plugin LocationServicesBPLibrary
LogPluginManager: Mounting plugin MobilePatchingUtils
LogPluginManager: Mounting plugin OculusVR
LogPluginManager: Plugin shader directory ../../../Engine/Plugins/Runtime/Oculus/OculusVR/Shaders found
LogPluginManager: Mapping shader source directory ../../../Engine/Plugins/Runtime/Oculus/OculusVR/Shaders to virtual directory /Plugin/OculusVR
LogPluginManager: Mounting plugin PhysXVehicles
LogPluginManager: Mounting plugin ProceduralMeshComponent
LogPluginManager: Mounting plugin RuntimePhysXCooking
LogPluginManager: Mounting plugin SteamVR
LogPluginManager: Mounting plugin WindowsMoviePlayer
LogStreaming: Display: Took  1.140s to configure plugins.
LogInit: Using libcurl 7.55.1-DEV
LogInit:  - built for x86_64-pc-win32
LogInit:  - supports SSL with OpenSSL/1.0.2h
LogInit:  - supports HTTP deflate (compression) using libz 1.2.8
LogInit:  - other features:
LogInit:      CURL_VERSION_SSL
LogInit:      CURL_VERSION_LIBZ
LogInit:      CURL_VERSION_IPV6
LogInit:      CURL_VERSION_ASYNCHDNS
LogInit:      CURL_VERSION_LARGEFILE
LogInit:      CURL_VERSION_IDN
LogInit:  CurlRequestOptions (configurable via config and command line):
LogInit:  - bVerifyPeer = false  - Libcurl will NOT verify peer certificate
LogInit:  - bUseHttpProxy = false  - Libcurl will NOT use HTTP proxy
LogInit:  - bDontReuseConnections = false  - Libcurl will reuse connections
LogInit:  - CertBundlePath = nullptr  - Libcurl will use whatever was configured at build time.
LogInit:  - MaxHostConnections = 16  - Libcurl will limit the number of connections to a host
LogInit:  - LocalHostAddr = Default
LogInit:  - BufferSize = 65536
LogInit: WinSock: version 1.1 (2.2), MaxSocks=32767, MaxUdp=65467
LogInit: Build: ++UE4+Release-4.20-CL-4369336
LogInit: Engine Version: 4.20.3-4369336+++UE4+Release-4.20
LogInit: Compatible Engine Version: 4.20.0-4212847+++UE4+Release-4.20
LogInit: Net CL: 4212847
LogInit: OS: Windows 10 (), CPU: Intel(R) Core(TM) i3-7100U CPU @ 2.40GHz, GPU: Intel(R) HD Graphics 620
LogInit: Compiled (64-bit): Sep 17 2018 12:26:19
LogInit: Compiled with Visual C++: 19.13.26129.00
LogInit: Build Configuration: Development
LogInit: Branch Name: ++UE4+Release-4.20
LogInit: Command Line: 
LogInit: Base Directory: C:/Program Files/Epic Games/UE_4.20/Engine/Binaries/Win64/
LogInit: Installed Engine Build: 1
LogDevObjectVersion: Number of dev versions registered: 20
LogDevObjectVersion:   Dev-Blueprints (B0D832E4-1F89-4F0D-ACCF-7EB736FD4AA2): 10
LogDevObjectVersion:   Dev-Build (E1C64328-A22C-4D53-A36C-8E866417BD8C): 0
LogDevObjectVersion:   Dev-Core (375EC13C-06E4-48FB-B500-84F0262A717E): 2
LogDevObjectVersion:   Dev-Editor (E4B068ED-F494-42E9-A231-DA0B2E46BB41): 24
LogDevObjectVersion:   Dev-Framework (CFFC743F-43B0-4480-9391-14DF171D2073): 34
LogDevObjectVersion:   Dev-Mobile (B02B49B5-BB20-44E9-A304-32B752E40360): 2
LogDevObjectVersion:   Dev-Networking (A4E4105C-59A1-49B5-A7C5-40C4547EDFEE): 0
LogDevObjectVersion:   Dev-Online (39C831C9-5AE6-47DC-9A44-9C173E1C8E7C): 0
LogDevObjectVersion:   Dev-Physics (78F01B33-EBEA-4F98-B9B4-84EACCB95AA2): 0
LogDevObjectVersion:   Dev-Platform (6631380F-2D4D-43E0-8009-CF276956A95A): 0
LogDevObjectVersion:   Dev-Rendering (12F88B9F-8875-4AFC-A67C-D90C383ABD29): 26
LogDevObjectVersion:   Dev-Sequencer (7B5AE74C-D270-4C10-A958-57980B212A5A): 9
LogDevObjectVersion:   Dev-VR (D7296918-1DD6-4BDD-9DE2-64A83CC13884): 2
LogDevObjectVersion:   Dev-LoadTimes (C2A15278-BFE7-4AFE-6C17-90FF531DF755): 1
LogDevObjectVersion:   Private-Geometry (6EACA3D4-40EC-4CC1-B786-8BED09428FC5): 3
LogDevObjectVersion:   Dev-AnimPhys (29E575DD-E0A3-4627-9D10-D276232CDCEA): 17
LogDevObjectVersion:   Dev-ReflectionCapture (6B266CEC-1EC7-4B8F-A30B-E4D90942FC07): 1
LogDevObjectVersion:   Dev-Automation (0DF73D61-A23F-47EA-B727-89E90C41499A): 1
LogDevObjectVersion:   FortniteMain (601D1886-AC64-4F84-AA16-D3DE0DEAC7D6): 12
LogDevObjectVersion:   Dev-Enterprise (9DFFBCD6-494F-0158-E221-12823C92A888): 1
LogStreaming: Display: Took  0.011s to delete old logs.
LogInit: Presizing for max 8388607 objects, including 0 objects not considered by GC, pre-allocating 0 bytes for permanent pool.
LogInit: Object subsystem initialized
[2018.09.30-19.36.50:184][  0]LogInit: Selected Device Profile: [Windows]
[2018.09.30-19.36.50:184][  0]LogInit: Applying CVar settings loaded from the selected device profile: [Windows]
[2018.09.30-19.36.50:279][  0]LogHAL: Display: Platform has ~ 6 GB [6336286720 / 8589934592 / 6], which maps to Smaller [LargestMinGB=32, LargerMinGB=12, DefaultMinGB=8, SmallerMinGB=6, SmallestMinGB=0)
[2018.09.30-19.36.50:279][  0]LogInit: Setting Device Profile CVar: [[r.Vulkan.UseRealUBs:1]]
[2018.09.30-19.36.50:279][  0]LogInit: Going up to parent DeviceProfile []
[2018.09.30-19.36.50:380][  0]LogInit: Computer: DESKTOP-01EGSVB
[2018.09.30-19.36.50:380][  0]LogInit: User: ikain
[2018.09.30-19.36.50:380][  0]LogInit: CPU Page size=4096, Cores=2
[2018.09.30-19.36.50:380][  0]LogInit: High frequency timer resolution =2.343749 MHz
[2018.09.30-19.36.50:381][  0]LogMemory: Memory total: Physical=5.9GB (6GB approx)
[2018.09.30-19.36.50:381][  0]LogMemory: Platform Memory Stats for Windows
[2018.09.30-19.36.50:381][  0]LogMemory: Process Physical Memory: 99.93 MB used, 99.93 MB peak
[2018.09.30-19.36.50:381][  0]LogMemory: Process Virtual Memory: 84.21 MB used, 84.21 MB peak
[2018.09.30-19.36.50:381][  0]LogMemory: Physical Memory: 4425.63 MB used,  1617.12 MB free, 6042.75 MB total
[2018.09.30-19.36.50:381][  0]LogMemory: Virtual Memory: 4621.17 MB used,  1617.12 MB free, 134217728.00 MB total
[2018.09.30-19.36.51:820][  0]LogInit: Using OS detected language (en-US).
[2018.09.30-19.36.51:820][  0]LogInit: Using OS detected locale (en-US).
[2018.09.30-19.36.51:963][  0]LogTextLocalizationManager: No specific localization for 'en-US' exists, so the 'en' localization will be used.
[2018.09.30-19.36.53:324][  0]LogStreaming: Display: Took  1.503s to InitEngineTextLocalization.
[2018.09.30-19.36.53:324][  0]LogInit: Setting process to per monitor DPI aware
[2018.09.30-19.36.54:845][  0]LogSlate: New Slate User Created.  User Index 0, Is Virtual User: 0
[2018.09.30-19.36.54:845][  0]LogSlate: Slate User Registered.  User Index 0, Is Virtual User: 0
[2018.09.30-19.37.16:897][  0]LogHMD: Failed to initialize OpenVR with code 110
[2018.09.30-19.37.16:897][  0]LogD3D11RHI: D3D11 adapters:
[2018.09.30-19.37.16:989][  0]LogD3D11RHI:    0. 'Intel(R) HD Graphics 620' (Feature Level 11_0)
[2018.09.30-19.37.16:989][  0]LogD3D11RHI:       128/0/3021 MB DedicatedVideo/DedicatedSystem/SharedSystem, Outputs:1, VendorId:0x8086
[2018.09.30-19.37.17:156][  0]LogD3D11RHI:    1. 'Microsoft Basic Render Driver' (Feature Level 11_0)
[2018.09.30-19.37.17:156][  0]LogD3D11RHI:       0/0/3021 MB DedicatedVideo/DedicatedSystem/SharedSystem, Outputs:0, VendorId:0x1414
[2018.09.30-19.37.17:156][  0]LogD3D11RHI: Chosen D3D11 Adapter: 0
[2018.09.30-19.37.17:172][  0]LogD3D11RHI: Creating new Direct3DDevice
[2018.09.30-19.37.17:172][  0]LogD3D11RHI:     GPU DeviceId: 0x5916 (for the marketing name, search the web for "GPU Device Id")
[2018.09.30-19.37.17:172][  0]LogWindows: EnumDisplayDevices:
[2018.09.30-19.37.17:173][  0]LogWindows:    0. 'Intel(R) HD Graphics 620' (P:1 D:1)
[2018.09.30-19.37.17:173][  0]LogWindows:    1. 'Intel(R) HD Graphics 620' (P:0 D:0)
[2018.09.30-19.37.17:174][  0]LogWindows:    2. 'Intel(R) HD Graphics 620' (P:0 D:0)
[2018.09.30-19.37.17:174][  0]LogWindows: DebugString: FoundDriverCount:3 
[2018.09.30-19.37.17:174][  0]LogD3D11RHI:     Adapter Name: Intel(R) HD Graphics 620
[2018.09.30-19.37.17:175][  0]LogD3D11RHI:   Driver Version: 22.20.16.4836 (internal:22.20.16.4836, unified:22.20.16.4836)
[2018.09.30-19.37.17:175][  0]LogD3D11RHI:      Driver Date: 10-17-2017
[2018.09.30-19.37.17:194][  0]LogRHI: Texture pool is 1147 MB (70% of 1638 MB)
[2018.09.30-19.37.17:264][  0]LogD3D11RHI: Async texture creation enabled
[2018.09.30-19.37.17:445][  0]LogD3D11RHI: GPU Timing Frequency: 12.000000 (Debug: 2 0)
[2018.09.30-19.37.17:519][  0]LogShaderCompilers: Guid format shader working directory is -31 characters bigger than the processId version (../../../../../../Users/ikain/Documents/GitHub/TigerDev-DarkSoulsInspiration/Intermediate/Shaders/WorkingDirectory/29628/).
[2018.09.30-19.37.17:519][  0]LogShaderCompilers: Cleaned the shader compiler working directory 'C:/Users/ikain/AppData/Local/Temp/UnrealShaderWorkingDir/1224013D4E13F26E84942D90F7DC026A/'.
[2018.09.30-19.37.21:017][  0]LogTemp: Display: Loaded TP AllDesktopTargetPlatform
[2018.09.30-19.37.21:085][  0]LogTemp: Display: Loaded TP MacClientTargetPlatform
[2018.09.30-19.37.21:185][  0]LogTemp: Display: Loaded TP MacNoEditorTargetPlatform
[2018.09.30-19.37.21:244][  0]LogTemp: Display: Loaded TP MacServerTargetPlatform
[2018.09.30-19.37.21:365][  0]LogTemp: Display: Loaded TP MacTargetPlatform
[2018.09.30-19.37.21:460][  0]LogTemp: Display: Loaded TP WindowsClientTargetPlatform
[2018.09.30-19.37.21:647][  0]LogTemp: Display: Loaded TP WindowsNoEditorTargetPlatform
[2018.09.30-19.37.21:755][  0]LogTemp: Display: Loaded TP WindowsServerTargetPlatform
[2018.09.30-19.37.21:847][  0]LogTemp: Display: Loaded TP WindowsTargetPlatform
[2018.09.30-19.37.22:237][  0]LogTemp: Display: Loaded TP AndroidTargetPlatform
[2018.09.30-19.37.22:237][  0]LogTemp: Display: Loaded TP AndroidTargetPlatform
[2018.09.30-19.37.22:237][  0]LogTemp: Display: Loaded TP AndroidTargetPlatform
[2018.09.30-19.37.22:237][  0]LogTemp: Display: Loaded TP AndroidTargetPlatform
[2018.09.30-19.37.22:237][  0]LogTemp: Display: Loaded TP AndroidTargetPlatform
[2018.09.30-19.37.22:237][  0]LogTemp: Display: Loaded TP AndroidTargetPlatform
[2018.09.30-19.37.22:237][  0]LogTemp: Display: Loaded TP AndroidTargetPlatform
[2018.09.30-19.37.22:237][  0]LogTemp: Display: Loaded TP AndroidTargetPlatform
[2018.09.30-19.37.22:237][  0]LogTemp: Display: Loaded TP AndroidTargetPlatform
[2018.09.30-19.37.22:237][  0]LogTemp: Display: Loaded TP AndroidTargetPlatform
[2018.09.30-19.37.22:237][  0]LogTemp: Display: Loaded TP AndroidTargetPlatform
[2018.09.30-19.37.22:237][  0]LogTemp: Display: Loaded TP AndroidTargetPlatform
[2018.09.30-19.37.22:237][  0]LogTemp: Display: Loaded TP AndroidTargetPlatform
[2018.09.30-19.37.22:237][  0]LogTemp: Display: Loaded TP AndroidTargetPlatform
[2018.09.30-19.37.22:237][  0]LogTemp: Display: Loaded TP AndroidTargetPlatform
[2018.09.30-19.37.22:237][  0]LogTemp: Display: Loaded TP AndroidTargetPlatform
[2018.09.30-19.37.22:237][  0]LogTemp: Display: Loaded TP AndroidTargetPlatform
[2018.09.30-19.37.22:237][  0]LogTemp: Display: Loaded TP AndroidTargetPlatform
[2018.09.30-19.37.22:277][  0]LogTemp: Display: Loaded TP HTML5TargetPlatform
[2018.09.30-19.37.22:651][  0]LogTemp: Display: Loaded TP IOSTargetPlatform
[2018.09.30-19.37.22:651][  0]LogTemp: Display: Loaded TP IOSTargetPlatform
[2018.09.30-19.37.22:762][  0]LogTemp: Display: Loaded TP TVOSTargetPlatform
[2018.09.30-19.37.22:762][  0]LogTemp: Display: Loaded TP TVOSTargetPlatform
[2018.09.30-19.37.22:942][  0]LogTemp: Display: Loaded TP LinuxClientTargetPlatform
[2018.09.30-19.37.23:024][  0]LogTemp: Display: Loaded TP LinuxNoEditorTargetPlatform
[2018.09.30-19.37.23:085][  0]LogTemp: Display: Loaded TP LinuxServerTargetPlatform
[2018.09.30-19.37.23:207][  0]LogTemp: Display: Loaded TP LinuxTargetPlatform
[2018.09.30-19.37.23:370][  0]LogTemp: Display: Loaded TP LuminTargetPlatform
[2018.09.30-19.37.23:371][  0]LogTargetPlatformManager: Display: Building Assets For Windows
[2018.09.30-19.37.25:784][  0]LogXGEController: Cannot use XGE Controller as Incredibuild is not installed on this machine.
[2018.09.30-19.37.25:785][  0]LogShaderCompilers: Cannot use XGE Shader Compiler as Incredibuild is not installed on this machine.
[2018.09.30-19.37.25:785][  0]LogShaderCompilers: Display: Using Local Shader Compiler.
[2018.09.30-19.37.48:977][  0]LogDerivedDataCache: Display: Max Cache Size: 512 MB
[2018.09.30-19.37.54:368][  0]LogDerivedDataCache: Loaded boot cache 5.37s 87MB C:/Users/ikain/AppData/Local/UnrealEngine/4.20/DerivedDataCache/Boot.ddc.
[2018.09.30-19.37.54:370][  0]LogDerivedDataCache: Display: Loaded Boot cache: C:/Users/ikain/AppData/Local/UnrealEngine/4.20/DerivedDataCache/Boot.ddc
[2018.09.30-19.37.54:370][  0]LogDerivedDataCache: FDerivedDataBackendGraph:  Pak pak cache file ../../../../../../Users/ikain/Documents/GitHub/TigerDev-DarkSoulsInspiration/DerivedDataCache/DDC.ddp not found, will not use a pak cache.
[2018.09.30-19.37.54:370][  0]LogDerivedDataCache: Unable to find inner node Pak for hierarchical cache Hierarchy.
[2018.09.30-19.37.54:370][  0]LogDerivedDataCache: FDerivedDataBackendGraph:  CompressedPak pak cache file ../../../../../../Users/ikain/Documents/GitHub/TigerDev-DarkSoulsInspiration/DerivedDataCache/Compressed.ddp not found, will not use a pak cache.
[2018.09.30-19.37.54:370][  0]LogDerivedDataCache: Unable to find inner node CompressedPak for hierarchical cache Hierarchy.
[2018.09.30-19.37.54:743][  0]LogDerivedDataCache: Display: Pak cache opened for reading ../../../Engine/DerivedDataCache/Compressed.ddp.
[2018.09.30-19.37.54:822][  0]LogDerivedDataCache: Using Local data cache path C:/Users/ikain/AppData/Local/UnrealEngine/Common/DerivedDataCache: Writable
[2018.09.30-19.37.54:822][  0]LogDerivedDataCache: Shared data cache path not found in *engine.ini, will not use an Shared cache.
[2018.09.30-19.37.54:822][  0]LogDerivedDataCache: Unable to find inner node Shared for hierarchical cache Hierarchy.
[2018.09.30-19.37.54:898][  0]LogMaterial: Verifying Global Shaders for PCD3D_SM5
[2018.09.30-19.37.54:953][  0]LogSlate: Using FreeType 2.6.0
[2018.09.30-19.37.55:153][  0]LogSlate: SlateFontServices - WITH_FREETYPE: 1, WITH_HARFBUZZ: 1
[2018.09.30-19.38.00:308][  0]LogAssetRegistry: FAssetRegistry took 0.0653 seconds to start up
[2018.09.30-19.38.07:360][  0]LogInit: Selected Device Profile: [Windows]
[2018.09.30-19.38.11:531][  0]LogSimplygon: Simplygon DLL not present - disabling.
[2018.09.30-19.38.12:162][  0]LogMeshReduction: Using SimplygonSwarm for distributed automatic mesh merging
[2018.09.30-19.38.12:162][  0]LogMeshReduction: Using ProxyLODMeshReduction for automatic mesh merging
[2018.09.30-19.38.12:183][  0]LogMeshReduction: Using QuadricMeshReduction for automatic static mesh reduction
[2018.09.30-19.38.12:184][  0]LogMeshReduction: No automatic skeletal mesh reduction module available
[2018.09.30-19.38.12:626][  0]LogNetVersion: TigerSouls 1.0.0, NetCL: 4212847, EngineNetVer: 5, GameNetVer: 0 (Checksum: 2853298775)
[2018.09.30-19.38.23:846][  0]LogPackageLocalizationCache: Processed 11 localized package path(s) for 2 prioritized culture(s) in 1.141906 seconds
[2018.09.30-19.38.24:058][  0]LogUObjectArray: 38425 objects as part of root set at end of initial load.
[2018.09.30-19.38.24:058][  0]LogUObjectAllocator: 6690864 out of 0 bytes used by permanent object pool.
[2018.09.30-19.38.24:058][  0]LogUObjectArray: CloseDisregardForGC: 0/0 objects in disregard for GC pool
[2018.09.30-19.39.59:559][  0]LogTcpMessaging: Initializing TcpMessaging bridge
[2018.09.30-19.40.00:153][  0]LogUdpMessaging: Initializing bridge on interface 0.0.0.0:0 to multicast group 230.0.0.1:6666.
[2018.09.30-19.40.05:075][  0]SourceControl: Source control is disabled
[2018.09.30-19.40.05:075][  0]SourceControl: Source control is disabled
[2018.09.30-19.40.05:501][  0]SourceControl: Source control is disabled
[2018.09.30-19.40.05:639][  0]SourceControl: Source control is disabled
[2018.09.30-19.40.11:748][  0]LogAndroidPermission: UAndroidPermissionCallbackProxy::GetInstance
[2018.09.30-19.40.12:988][  0]LogOcInput: OculusInput pre-init called
[2018.09.30-19.40.14:699][  0]LogEngine: Initializing Engine...
[2018.09.30-19.40.14:765][  0]LogHMD: Failed to initialize OpenVR with code 110
[2018.09.30-19.40.14:791][  0]LogStats: UGameplayTagsManager::ConstructGameplayTagTree: ImportINI prefixes -  0.020 s
[2018.09.30-19.40.14:791][  0]LogStats: UGameplayTagsManager::ConstructGameplayTagTree: Construct from data asset -  0.000 s
[2018.09.30-19.40.14:793][  0]LogStats: UGameplayTagsManager::ConstructGameplayTagTree: ImportINI -  0.001 s
[2018.09.30-19.40.14:794][  0]LogStats: UGameplayTagsManager::ConstructGameplayTagTree: GameplayTagTreeChangedEvent.Broadcast -  0.000 s
[2018.09.30-19.40.17:025][  0]LogInit: Initializing FReadOnlyCVARCache
[2018.09.30-19.40.19:507][  0]LogAIModule: Creating AISystem for world Untitled
[2018.09.30-19.40.20:442][  0]LogInit: XAudio2 using ' (Realtek Audio)' : 2 channels at 48 kHz using 32 bits per sample (channel mask 0x3)
[2018.09.30-19.40.23:734][  0]LogInit: FAudioDevice initialized.
[2018.09.30-19.40.23:810][  0]LogNetVersion: Set ProjectVersion to 1.0.0.0. Version Checksum will be recalculated on next use.
[2018.09.30-19.40.24:312][  0]LogDerivedDataCache: Saved boot cache 0.50s 87MB C:/Users/ikain/AppData/Local/UnrealEngine/4.20/DerivedDataCache/Boot.ddc.
[2018.09.30-19.40.24:324][  0]LogInit: Texture streaming: Enabled
[2018.09.30-19.40.26:806][  0]LogEngineSessionManager: EngineSessionManager initialized
[2018.09.30-19.40.28:425][  0]LogInit: Transaction tracking system initialized
[2018.09.30-19.40.30:340][  0]BlueprintLog: New page: Editor Load
[2018.09.30-19.40.37:398][  0]LocalizationService: Localization service is disabled
[2018.09.30-19.40.50:251][  0]LogFileCache: Scanning file cache for directory 'C:/Users/ikain/Documents/GitHub/TigerDev-DarkSoulsInspiration/Content/' took 0.06s
[2018.09.30-19.40.50:251][  0]LogCook: Display: Max memory allowance for cook 16384mb min free memory 0mb
[2018.09.30-19.40.50:251][  0]LogCook: Display: Mobile HDR setting 1
[2018.09.30-19.40.50:371][  0]LogGameplayTags: Display: UGameplayTagsManager::DoneAddingNativeTags. DelegateIsBound: 0
[2018.09.30-19.40.50:371][  0]LogStats: UGameplayTagsManager::ConstructGameplayTagTree: ImportINI prefixes -  0.000 s
[2018.09.30-19.40.50:371][  0]LogStats: UGameplayTagsManager::ConstructGameplayTagTree: Construct from data asset -  0.000 s
[2018.09.30-19.40.50:371][  0]LogStats: UGameplayTagsManager::ConstructGameplayTagTree: ImportINI -  0.000 s
[2018.09.30-19.40.50:371][  0]LogStats: UGameplayTagsManager::ConstructGameplayTagTree: GameplayTagTreeChangedEvent.Broadcast -  0.000 s
[2018.09.30-19.41.05:893][  0]SourceControl: Source control is disabled
[2018.09.30-19.41.05:996][  0]Cmd: MAP LOAD FILE="../../../../../../Users/ikain/Documents/GitHub/TigerDev-DarkSoulsInspiration/Content/ThirdPersonBP/Maps/ThirdPersonExampleMap.umap" TEMPLATE=0 SHOWPROGRESS=1 FEATURELEVEL=3
[2018.09.30-19.41.06:070][  0]LightingResults: New page: Lighting Build
[2018.09.30-19.41.06:511][  0]MapCheck: New page: Map Check
[2018.09.30-19.41.06:512][  0]LightingResults: New page: Lighting Build
[2018.09.30-19.41.22:794][  0]LogTexture: Display: Building textures: HQ_Lightmap0_10 (AutoDXT, 1024X1024)
[2018.09.30-19.41.24:004][  0]LogTexture: Display: Building textures: HQ_Lightmap0_1 (AutoDXT, 1024X1024)
[2018.09.30-19.41.24:004][  0]LogTexture: Display: Building textures: HQ_Lightmap0_11 (AutoDXT, 1024X1024)
[2018.09.30-19.41.24:004][  0]LogTexture: Display: Building textures: HQ_Lightmap0_2 (AutoDXT, 1024X1024)
[2018.09.30-19.41.24:004][  0]LogTexture: Display: Building textures: HQ_Lightmap0_4 (AutoDXT, 1024X1024)
[2018.09.30-19.41.24:004][  0]LogTexture: Display: Building textures: HQ_Lightmap0_3 (AutoDXT, 1024X1024)
[2018.09.30-19.41.24:004][  0]LogTexture: Display: Building textures: HQ_Lightmap0_6 (AutoDXT, 1024X1024)
[2018.09.30-19.41.24:004][  0]LogTexture: Display: Building textures: HQ_Lightmap0_5 (AutoDXT, 1024X1024)
[2018.09.30-19.41.24:294][  0]LogTexture: Display: Building textures: HQ_Lightmap0_8 (AutoDXT, 1024X1024)
[2018.09.30-19.41.24:294][  0]LogTexture: Display: Building textures: HQ_Lightmap0_7 (AutoDXT, 1024X1024)
[2018.09.30-19.41.24:294][  0]LogAnimationCompression: Building Anim DDC data for AnimSequence /Game/AnimStarterPack/Jump_From_Jog.Jump_From_Jog
[2018.09.30-19.41.24:294][  0]LogAnimationCompression: Recompressing (AnimSequence /Game/AnimStarterPack/Jump_From_Jog.Jump_From_Jog) using current/default (AnimCompress_BitwiseCompressOnly_38) bFirstRecompressUsingCurrentOrDefault(1) bTryAlternateCompressor(0) IsCompressedDataValid(0)
[2018.09.30-19.41.25:263][  0]LogTexture: Display: Building textures: HQ_Lightmap0_9 (AutoDXT, 1024X1024)
[2018.09.30-19.41.25:263][  0]LogTexture: Display: Building textures: LQ_Lightmap_0_1 (DXT1, 1024X1024)
[2018.09.30-19.41.25:263][  0]LogTexture: Display: Building textures: LQ_Lightmap_0_10 (DXT1, 1024X1024)
[2018.09.30-19.41.25:263][  0]LogTexture: Display: Building textures: LQ_Lightmap_0_2 (DXT1, 1024X1024)
[2018.09.30-19.41.25:263][  0]LogTexture: Display: Building textures: LQ_Lightmap_0_11 (DXT1, 1024X1024)
[2018.09.30-19.41.25:263][  0]LogTexture: Display: Building textures: LQ_Lightmap_0_3 (DXT1, 1024X1024)
[2018.09.30-19.41.25:263][  0]LogTexture: Display: Building textures: LQ_Lightmap_0_4 (DXT1, 1024X1024)
[2018.09.30-19.41.25:263][  0]LogTexture: Display: Building textures: LQ_Lightmap_0_5 (DXT1, 1024X1024)
[2018.09.30-19.41.25:263][  0]LogTexture: Display: Building textures: LQ_Lightmap_0_6 (DXT1, 1024X1024)
[2018.09.30-19.41.25:263][  0]LogTexture: Display: Building textures: LQ_Lightmap_0_7 (DXT1, 1024X1024)
[2018.09.30-19.41.25:263][  0]LogTexture: Display: Building textures: LQ_Lightmap_0_8 (DXT1, 1024X1024)
[2018.09.30-19.41.25:263][  0]LogTexture: Display: Building textures: LQ_Lightmap_0_9 (DXT1, 1024X1024)
[2018.09.30-19.41.25:263][  0]LogTexture: Display: Building textures: white (BGRA8, 225X225)
[2018.09.30-19.41.25:397][  0]LogMaterial: Display: Missing cached shader map for material white_Mat, compiling. 
[2018.09.30-19.41.26:839][  0]LogShaderCompilers: Display: Shaders left to compile 31
[2018.09.30-19.41.28:741][  0]LogShaderCompilers: Display: Shaders left to compile 21
[2018.09.30-19.41.28:741][  0]LogShaderCompilers: Display: Shaders left to compile 11
[2018.09.30-19.41.29:049][  0]LogAIModule: Creating AISystem for world ThirdPersonExampleMap
[2018.09.30-19.41.31:272][  0]LogEditorServer: Finished looking for orphan Actors (0.000 secs)
[2018.09.30-19.41.33:539][  0]Cmd: MAP CHECKDEP NOCLEARLOG
[2018.09.30-19.41.33:711][  0]MapCheck: Map check complete: 0 Error(s), 0 Warning(s), took 171.868ms to complete.
[2018.09.30-19.41.33:711][  0]LogFileHelpers: Loading map 'ThirdPersonExampleMap' took 27.773
[2018.09.30-19.41.42:128][  0]LogSlate: Updating window title bar state: overlay mode, drag disabled, window buttons hidden, title bar hidden
[2018.09.30-19.41.42:485][  0]LogSlate: Updating window title bar state: overlay mode, drag disabled, window buttons hidden, title bar hidden
[2018.09.30-19.41.42:495][  0]LogSlate: Updating window title bar state: overlay mode, drag disabled, window buttons hidden, title bar hidden
[2018.09.30-19.41.42:505][  0]LogSlate: Updating window title bar state: overlay mode, drag disabled, window buttons hidden, title bar hidden
[2018.09.30-19.41.43:826][  0]LogCollectionManager: Loaded 0 collections in 0.003010 seconds
[2018.09.30-19.41.45:631][  0]LogFileCache: Scanning file cache for directory 'C:/Users/ikain/Documents/GitHub/TigerDev-DarkSoulsInspiration/Saved/Collections/' took 0.01s
[2018.09.30-19.41.45:631][  0]LogFileCache: Scanning file cache for directory 'C:/Users/ikain/Documents/GitHub/TigerDev-DarkSoulsInspiration/Content/Developers/ikain/Collections/' took 0.01s
[2018.09.30-19.41.45:631][  0]LogFileCache: Scanning file cache for directory 'C:/Users/ikain/Documents/GitHub/TigerDev-DarkSoulsInspiration/Content/Collections/' took 0.01s
[2018.09.30-19.41.45:631][  0]LogCollectionManager: Rebuilt the GUID cache for 0 collections in 0.000001 seconds
[2018.09.30-19.41.45:774][  0]LogContentBrowser: Native class hierarchy populated in 0.1146 seconds. Added 2572 classes and 603 folders.
[2018.09.30-19.41.46:539][  0]LogContentBrowser: Native class hierarchy updated for 'WidgetCarousel' in 0.0005 seconds. Added 0 classes and 0 folders.
[2018.09.30-19.41.50:968][  0]LogShaderCompilers: Display: Shaders left to compile 1
[2018.09.30-19.41.50:968][  0]LogContentBrowser: Native class hierarchy updated for 'AddContentDialog' in 0.0004 seconds. Added 0 classes and 0 folders.
[2018.09.30-19.41.51:147][  0]LogContentBrowser: Native class hierarchy updated for 'SceneOutliner' in 0.0005 seconds. Added 1 classes and 2 folders.
[2018.09.30-19.41.52:637][  0]LogSlate: Took 0.000361 seconds to synchronously load lazily loaded font '../../../Engine/Content/Slate/Fonts/Roboto-Regular.ttf' (155K)
[2018.09.30-19.41.52:663][  0]LogSlate: Took 0.000311 seconds to synchronously load lazily loaded font '../../../Engine/Content/Slate/Fonts/Roboto-Bold.ttf' (160K)
[2018.09.30-19.41.53:002][  0]LogSlate: Took 0.118226 seconds to synchronously load lazily loaded font '../../../Engine/Content/Editor/Slate/Fonts/FontAwesome.ttf' (139K)
[2018.09.30-19.41.54:510][  0]LogRenderer: Reallocating scene render targets to support 856x396 Format 10 NumSamples 1 (Frame:1).
[2018.09.30-19.42.06:893][  0]LogSlate: FSceneViewport::OnFocusLost() reason 2
[2018.09.30-19.42.07:503][  0]LogSlate: Window 'Tutorials' being destroyed
[2018.09.30-19.42.07:765][  0]LogContentBrowser: Native class hierarchy updated for 'HierarchicalLODOutliner' in 0.0010 seconds. Added 0 classes and 0 folders.
[2018.09.30-19.42.07:765][  0]LogLoad: (Engine Initialization) Total time: 467.55 seconds
[2018.09.30-19.42.07:765][  0]LogLoad: (Engine Initialization) Total Blueprint compile time: 0.00 seconds
[2018.09.30-19.42.08:446][  0]LogContentStreaming: Texture pool size now 1000 MB
[2018.09.30-19.42.09:706][  0]LogSlate: Took 0.207448 seconds to synchronously load lazily loaded font '../../../Engine/Content/Slate/Fonts/Roboto-Light.ttf' (167K)
[2018.09.30-19.42.39:761][  2]LogSlate: Took 0.000372 seconds to synchronously load lazily loaded font '../../../Engine/Content/Slate/Fonts/Roboto-Light.ttf' (167K)
[2018.09.30-19.42.40:233][  3]LogAssetRegistry: Asset discovery search completed in 279.9502 seconds
[2018.09.30-19.42.40:238][  3]LogCollectionManager: Rebuilt the object cache for 0 collections in 0.000000 seconds (found 0 objects)
[2018.09.30-19.42.40:238][  3]LogCollectionManager: Fixed up redirectors for 0 collections in 0.000086 seconds (updated 0 objects)
[2018.09.30-19.43.00:572][907]LogSlate: FSceneViewport::OnFocusLost() reason 0
[2018.09.30-19.43.05:513][127]LogTemp: Repeating last play command: Selected Viewport
[2018.09.30-19.43.05:659][127]LogBlueprintUserMessages: Early PlayInEditor Detection: Level '/Game/ThirdPersonBP/Maps/ThirdPersonExampleMap.ThirdPersonExampleMap:PersistentLevel' has LevelScriptBlueprint '/Game/ThirdPersonBP/Maps/ThirdPersonExampleMap.ThirdPersonExampleMap:PersistentLevel.ThirdPersonExampleMap' with GeneratedClass '/Game/ThirdPersonBP/Maps/ThirdPersonExampleMap.ThirdPersonExampleMap_C' with ClassGeneratedBy '/Game/ThirdPersonBP/Maps/ThirdPersonExampleMap.ThirdPersonExampleMap:PersistentLevel.ThirdPersonExampleMap'
[2018.09.30-19.43.05:695][127]LogPlayLevel: PlayLevel: No blueprints needed recompiling
[2018.09.30-19.43.06:028][127]PIE: New page: PIE session: ThirdPersonExampleMap (Sep 30, 2018, 9:43:05 AM)
[2018.09.30-19.43.06:051][127]LogPlayLevel: Creating play world package: /Game/ThirdPersonBP/Maps/UEDPIE_0_ThirdPersonExampleMap
[2018.09.30-19.43.06:219][127]LogPlayLevel: PIE: StaticDuplicateObject took: (0.168133s)
[2018.09.30-19.43.06:221][127]LogAIModule: Creating AISystem for world ThirdPersonExampleMap
[2018.09.30-19.43.06:240][127]LogPlayLevel: PIE: World Init took: (0.020701s)
[2018.09.30-19.43.06:276][127]LogPlayLevel: PIE: Created PIE world by copying editor world from /Game/ThirdPersonBP/Maps/ThirdPersonExampleMap.ThirdPersonExampleMap to /Game/ThirdPersonBP/Maps/UEDPIE_0_ThirdPersonExampleMap.ThirdPersonExampleMap (0.225237s)
[2018.09.30-19.43.06:395][127]LogInit: XAudio2 using ' (Realtek Audio)' : 2 channels at 48 kHz using 32 bits per sample (channel mask 0x3)
[2018.09.30-19.43.06:491][127]LogInit: FAudioDevice initialized.
[2018.09.30-19.43.06:738][127]LogLoad: Game class is 'ThirdPersonGameMode_C'
[2018.09.30-19.43.07:075][127]LogWorld: Bringing World /Game/ThirdPersonBP/Maps/UEDPIE_0_ThirdPersonExampleMap.ThirdPersonExampleMap up for play (max tick rate 0) at 2018.09.30-14.43.07
[2018.09.30-19.43.07:305][127]LogWorld: Bringing up level for play took: 0.240039
[2018.09.30-19.43.07:711][127]LogContentBrowser: Native class hierarchy updated for 'MovieSceneCapture' in 0.0006 seconds. Added 10 classes and 0 folders.
[2018.09.30-19.43.08:002][127]PIE: Play in editor start time for /Game/ThirdPersonBP/Maps/UEDPIE_0_ThirdPersonExampleMap 2.02
[2018.09.30-19.43.08:003][127]LogBlueprintUserMessages: Late PlayInEditor Detection: Level '/Game/ThirdPersonBP/Maps/ThirdPersonExampleMap.ThirdPersonExampleMap:PersistentLevel' has LevelScriptBlueprint '/Game/ThirdPersonBP/Maps/ThirdPersonExampleMap.ThirdPersonExampleMap:PersistentLevel.ThirdPersonExampleMap' with GeneratedClass '/Game/ThirdPersonBP/Maps/ThirdPersonExampleMap.ThirdPersonExampleMap_C' with ClassGeneratedBy '/Game/ThirdPersonBP/Maps/ThirdPersonExampleMap.ThirdPersonExampleMap:PersistentLevel.ThirdPersonExampleMap'
[2018.09.30-19.43.19:469][658]LogCharacterMovement: Warning: GetSimulationTimeStep() - Max iterations 8 hit while remaining time 0.050000 > MaxSimulationTimeStep (0.050) for 'FirstPersonCharacter_C_0', movement 'Falling'
[2018.09.30-19.44.37:406][908]LogBlueprintUserMessages: Early EndPlayMap Detection: Level '/Game/ThirdPersonBP/Maps/ThirdPersonExampleMap.ThirdPersonExampleMap:PersistentLevel' has LevelScriptBlueprint '/Game/ThirdPersonBP/Maps/ThirdPersonExampleMap.ThirdPersonExampleMap:PersistentLevel.ThirdPersonExampleMap' with GeneratedClass '/Game/ThirdPersonBP/Maps/ThirdPersonExampleMap.ThirdPersonExampleMap_C' with ClassGeneratedBy '/Game/ThirdPersonBP/Maps/ThirdPersonExampleMap.ThirdPersonExampleMap:PersistentLevel.ThirdPersonExampleMap'
[2018.09.30-19.44.37:422][908]LogSlate: Updating window title bar state: overlay mode, drag disabled, window buttons hidden, title bar hidden
[2018.09.30-19.44.37:601][908]LogPlayLevel: Display: Shutting down PIE online subsystems
[2018.09.30-19.44.37:601][908]LogBlueprintUserMessages: Late EndPlayMap Detection: Level '/Game/ThirdPersonBP/Maps/ThirdPersonExampleMap.ThirdPersonExampleMap:PersistentLevel' has LevelScriptBlueprint '/Game/ThirdPersonBP/Maps/ThirdPersonExampleMap.ThirdPersonExampleMap:PersistentLevel.ThirdPersonExampleMap' with GeneratedClass '/Game/ThirdPersonBP/Maps/ThirdPersonExampleMap.ThirdPersonExampleMap_C' with ClassGeneratedBy '/Game/ThirdPersonBP/Maps/ThirdPersonExampleMap.ThirdPersonExampleMap:PersistentLevel.ThirdPersonExampleMap'
[2018.09.30-19.44.37:834][908]LogSlate: Updating window title bar state: overlay mode, drag disabled, window buttons hidden, title bar hidden
[2018.09.30-19.44.37:973][909]LogPlayLevel: Display: Destroying online subsystem :Context_3
[2018.09.30-19.44.49:767][474]LogSlate: FSceneViewport::OnFocusLost() reason 0
[2018.09.30-19.44.49:849][478]LogTemp: Repeating last play command: Selected Viewport
[2018.09.30-19.44.49:898][478]LogBlueprintUserMessages: Early PlayInEditor Detection: Level '/Game/ThirdPersonBP/Maps/ThirdPersonExampleMap.ThirdPersonExampleMap:PersistentLevel' has LevelScriptBlueprint '/Game/ThirdPersonBP/Maps/ThirdPersonExampleMap.ThirdPersonExampleMap:PersistentLevel.ThirdPersonExampleMap' with GeneratedClass '/Game/ThirdPersonBP/Maps/ThirdPersonExampleMap.ThirdPersonExampleMap_C' with ClassGeneratedBy '/Game/ThirdPersonBP/Maps/ThirdPersonExampleMap.ThirdPersonExampleMap:PersistentLevel.ThirdPersonExampleMap'
[2018.09.30-19.44.49:898][478]LogPlayLevel: PlayLevel: No blueprints needed recompiling
[2018.09.30-19.44.49:899][478]PIE: New page: PIE session: ThirdPersonExampleMap (Sep 30, 2018, 9:44:49 AM)
[2018.09.30-19.44.49:899][478]LogPlayLevel: Creating play world package: /Game/ThirdPersonBP/Maps/UEDPIE_0_ThirdPersonExampleMap
[2018.09.30-19.44.49:905][478]LogPlayLevel: PIE: StaticDuplicateObject took: (0.006199s)
[2018.09.30-19.44.49:905][478]LogAIModule: Creating AISystem for world ThirdPersonExampleMap
[2018.09.30-19.44.49:905][478]LogPlayLevel: PIE: World Init took: (0.001104s)
[2018.09.30-19.44.49:905][478]LogPlayLevel: PIE: Created PIE world by copying editor world from /Game/ThirdPersonBP/Maps/ThirdPersonExampleMap.ThirdPersonExampleMap to /Game/ThirdPersonBP/Maps/UEDPIE_0_ThirdPersonExampleMap.ThirdPersonExampleMap (0.007491s)
[2018.09.30-19.44.49:940][478]LogInit: XAudio2 using ' (Realtek Audio)' : 2 channels at 48 kHz using 32 bits per sample (channel mask 0x3)
[2018.09.30-19.44.50:018][478]LogInit: FAudioDevice initialized.
[2018.09.30-19.44.50:195][478]LogLoad: Game class is 'ThirdPersonGameMode_C'
[2018.09.30-19.44.50:198][478]LogWorld: Bringing World /Game/ThirdPersonBP/Maps/UEDPIE_0_ThirdPersonExampleMap.ThirdPersonExampleMap up for play (max tick rate 0) at 2018.09.30-14.44.50
[2018.09.30-19.44.50:198][478]LogWorld: Bringing up level for play took: 0.002031
[2018.09.30-19.44.50:213][478]PIE: Play in editor start time for /Game/ThirdPersonBP/Maps/UEDPIE_0_ThirdPersonExampleMap 0.23
[2018.09.30-19.44.50:213][478]LogBlueprintUserMessages: Late PlayInEditor Detection: Level '/Game/ThirdPersonBP/Maps/ThirdPersonExampleMap.ThirdPersonExampleMap:PersistentLevel' has LevelScriptBlueprint '/Game/ThirdPersonBP/Maps/ThirdPersonExampleMap.ThirdPersonExampleMap:PersistentLevel.ThirdPersonExampleMap' with GeneratedClass '/Game/ThirdPersonBP/Maps/ThirdPersonExampleMap.ThirdPersonExampleMap_C' with ClassGeneratedBy '/Game/ThirdPersonBP/Maps/ThirdPersonExampleMap.ThirdPersonExampleMap:PersistentLevel.ThirdPersonExampleMap'
[2018.09.30-19.44.50:427][479]LogCharacterMovement: Warning: GetSimulationTimeStep() - Max iterations 8 hit while remaining time 0.058450 > MaxSimulationTimeStep (0.050) for 'FirstPersonCharacter_C_0', movement 'Walking'
[2018.09.30-19.44.51:990][569]LogBlueprintUserMessages: Early EndPlayMap Detection: Level '/Game/ThirdPersonBP/Maps/ThirdPersonExampleMap.ThirdPersonExampleMap:PersistentLevel' has LevelScriptBlueprint '/Game/ThirdPersonBP/Maps/ThirdPersonExampleMap.ThirdPersonExampleMap:PersistentLevel.ThirdPersonExampleMap' with GeneratedClass '/Game/ThirdPersonBP/Maps/ThirdPersonExampleMap.ThirdPersonExampleMap_C' with ClassGeneratedBy '/Game/ThirdPersonBP/Maps/ThirdPersonExampleMap.ThirdPersonExampleMap:PersistentLevel.ThirdPersonExampleMap'
[2018.09.30-19.44.51:990][569]LogSlate: Updating window title bar state: overlay mode, drag disabled, window buttons hidden, title bar hidden
[2018.09.30-19.44.52:046][569]LogPlayLevel: Display: Shutting down PIE online subsystems
[2018.09.30-19.44.52:046][569]LogBlueprintUserMessages: Late EndPlayMap Detection: Level '/Game/ThirdPersonBP/Maps/ThirdPersonExampleMap.ThirdPersonExampleMap:PersistentLevel' has LevelScriptBlueprint '/Game/ThirdPersonBP/Maps/ThirdPersonExampleMap.ThirdPersonExampleMap:PersistentLevel.ThirdPersonExampleMap' with GeneratedClass '/Game/ThirdPersonBP/Maps/ThirdPersonExampleMap.ThirdPersonExampleMap_C' with ClassGeneratedBy '/Game/ThirdPersonBP/Maps/ThirdPersonExampleMap.ThirdPersonExampleMap:PersistentLevel.ThirdPersonExampleMap'
[2018.09.30-19.44.52:076][569]LogSlate: Updating window title bar state: overlay mode, drag disabled, window buttons hidden, title bar hidden
[2018.09.30-19.44.52:101][570]LogPlayLevel: Display: Destroying online subsystem :Context_4
[2018.09.30-19.45.06:359][208]LogSlate: FSceneViewport::OnFocusLost() reason 0
[2018.09.30-19.45.06:428][213]LogTemp: Repeating last play command: Selected Viewport
[2018.09.30-19.45.06:574][213]LogBlueprintUserMessages: Early PlayInEditor Detection: Level '/Game/ThirdPersonBP/Maps/ThirdPersonExampleMap.ThirdPersonExampleMap:PersistentLevel' has LevelScriptBlueprint '/Game/ThirdPersonBP/Maps/ThirdPersonExampleMap.ThirdPersonExampleMap:PersistentLevel.ThirdPersonExampleMap' with GeneratedClass '/Game/ThirdPersonBP/Maps/ThirdPersonExampleMap.ThirdPersonExampleMap_C' with ClassGeneratedBy '/Game/ThirdPersonBP/Maps/ThirdPersonExampleMap.ThirdPersonExampleMap:PersistentLevel.ThirdPersonExampleMap'
[2018.09.30-19.45.06:575][213]LogPlayLevel: PlayLevel: No blueprints needed recompiling
[2018.09.30-19.45.06:575][213]PIE: New page: PIE session: ThirdPersonExampleMap (Sep 30, 2018, 9:45:06 AM)
[2018.09.30-19.45.06:575][213]LogPlayLevel: Creating play world package: /Game/ThirdPersonBP/Maps/UEDPIE_0_ThirdPersonExampleMap
[2018.09.30-19.45.06:580][213]LogPlayLevel: PIE: StaticDuplicateObject took: (0.005318s)
[2018.09.30-19.45.06:581][213]LogAIModule: Creating AISystem for world ThirdPersonExampleMap
[2018.09.30-19.45.06:581][213]LogPlayLevel: PIE: World Init took: (0.001019s)
[2018.09.30-19.45.06:582][213]LogPlayLevel: PIE: Created PIE world by copying editor world from /Game/ThirdPersonBP/Maps/ThirdPersonExampleMap.ThirdPersonExampleMap to /Game/ThirdPersonBP/Maps/UEDPIE_0_ThirdPersonExampleMap.ThirdPersonExampleMap (0.006525s)
[2018.09.30-19.45.06:615][213]LogInit: XAudio2 using ' (Realtek Audio)' : 2 channels at 48 kHz using 32 bits per sample (channel mask 0x3)
[2018.09.30-19.45.06:691][213]LogInit: FAudioDevice initialized.
[2018.09.30-19.45.06:723][213]LogLoad: Game class is 'ThirdPersonGameMode_C'
[2018.09.30-19.45.06:725][213]LogWorld: Bringing World /Game/ThirdPersonBP/Maps/UEDPIE_0_ThirdPersonExampleMap.ThirdPersonExampleMap up for play (max tick rate 0) at 2018.09.30-14.45.06
[2018.09.30-19.45.06:726][213]LogWorld: Bringing up level for play took: 0.002003
[2018.09.30-19.45.06:740][213]PIE: Play in editor start time for /Game/ThirdPersonBP/Maps/UEDPIE_0_ThirdPersonExampleMap 0.758
[2018.09.30-19.45.06:741][213]LogBlueprintUserMessages: Late PlayInEditor Detection: Level '/Game/ThirdPersonBP/Maps/ThirdPersonExampleMap.ThirdPersonExampleMap:PersistentLevel' has LevelScriptBlueprint '/Game/ThirdPersonBP/Maps/ThirdPersonExampleMap.ThirdPersonExampleMap:PersistentLevel.ThirdPersonExampleMap' with GeneratedClass '/Game/ThirdPersonBP/Maps/ThirdPersonExampleMap.ThirdPersonExampleMap_C' with ClassGeneratedBy '/Game/ThirdPersonBP/Maps/ThirdPersonExampleMap.ThirdPersonExampleMap:PersistentLevel.ThirdPersonExampleMap'
[2018.09.30-20.12.43:352][303]LogHttp: Warning: 0000023A19EC7380: request failed, libcurl error: 6 (Couldn't resolve host name)
[2018.09.30-20.12.43:352][303]LogHttp: Warning: 0000023A19EC7380: libcurl info message cache 0 (Connection 3 seems to be dead!)
[2018.09.30-20.12.43:352][303]LogHttp: Warning: 0000023A19EC7380: libcurl info message cache 1 (Closing connection 3)
[2018.09.30-20.12.43:352][303]LogHttp: Warning: 0000023A19EC7380: libcurl info message cache 2 (Could not resolve host: datarouter.ol.epicgames.com)
[2018.09.30-20.12.43:352][303]LogHttp: Warning: 0000023A19EC7380: libcurl info message cache 3 (Closing connection 4)
[2018.10.01-02.39.34:063][422]LogD3D11RHI: Timed out while waiting for GPU to catch up. (0.5 s)
[2018.10.01-02.39.40:282][424]LogHttp: Warning: 0000023A19EC7240: request failed, libcurl error: 6 (Couldn't resolve host name)
[2018.10.01-02.39.40:734][424]LogHttp: Warning: 0000023A19EC7240: libcurl info message cache 0 (Connection 86 seems to be dead!)
[2018.10.01-02.39.40:734][424]LogHttp: Warning: 0000023A19EC7240: libcurl info message cache 1 (Closing connection 86)
[2018.10.01-02.39.40:734][424]LogHttp: Warning: 0000023A19EC7240: libcurl info message cache 2 (TLSv1.2 (OUT), TLS alert, Client hello (1):)
[2018.10.01-02.39.40:734][424]LogHttp: Warning: 0000023A19EC7240: libcurl info message cache 3 (Could not resolve host: datarouter.ol.epicgames.com)
[2018.10.01-02.39.40:735][424]LogHttp: Warning: 0000023A19EC7240: libcurl info message cache 4 (Closing connection 87)
[2018.10.01-08.19.27:049][929]LogHttp: Warning: 0000023A19EC7380: request failed, libcurl error: 6 (Couldn't resolve host name)
[2018.10.01-08.19.27:336][929]LogHttp: Warning: 0000023A19EC7380: libcurl info message cache 0 (Connection 159 seems to be dead!)
[2018.10.01-08.19.27:336][929]LogHttp: Warning: 0000023A19EC7380: libcurl info message cache 1 (Closing connection 159)
[2018.10.01-08.19.27:336][929]LogHttp: Warning: 0000023A19EC7380: libcurl info message cache 2 (Could not resolve host: datarouter.ol.epicgames.com)
[2018.10.01-08.19.27:336][929]LogHttp: Warning: 0000023A19EC7380: libcurl info message cache 3 (Closing connection 160)
[2018.10.01-14.29.30:304][996]LogHttp: Warning: 0000023A19EC7880: request failed, libcurl error: 6 (Couldn't resolve host name)
[2018.10.01-14.29.30:304][996]LogHttp: Warning: 0000023A19EC7880: libcurl info message cache 0 (Could not resolve host: datarouter.ol.epicgames.com)
[2018.10.01-14.29.30:304][996]LogHttp: Warning: 0000023A19EC7880: libcurl info message cache 1 (Closing connection 161)
[2018.10.01-14.32.36:827][547]LogGarbage: Warning: 157.360280 ms for acquiring GC lock
[2018.10.01-14.33.38:338][547]LogSlate: Window 'TigerSouls - Unreal Editor' being destroyed
[2018.10.01-14.33.38:978][547]LogWindowsTextInputMethodSystem: Display: IME system now deactivated.
[2018.10.01-14.33.49:516][547]LogBlueprintUserMessages: Early EndPlayMap Detection: Level '/Game/ThirdPersonBP/Maps/ThirdPersonExampleMap.ThirdPersonExampleMap:PersistentLevel' has LevelScriptBlueprint '/Game/ThirdPersonBP/Maps/ThirdPersonExampleMap.ThirdPersonExampleMap:PersistentLevel.ThirdPersonExampleMap' with GeneratedClass '/Game/ThirdPersonBP/Maps/ThirdPersonExampleMap.ThirdPersonExampleMap_C' with ClassGeneratedBy '/Game/ThirdPersonBP/Maps/ThirdPersonExampleMap.ThirdPersonExampleMap:PersistentLevel.ThirdPersonExampleMap'
[2018.10.01-14.33.50:848][547]LogSlate: Updating window title bar state: overlay mode, drag disabled, window buttons hidden, title bar hidden
[2018.10.01-14.33.54:862][547]LogPlayLevel: Display: Shutting down PIE online subsystems
[2018.10.01-14.33.55:223][547]LogBlueprintUserMessages: Late EndPlayMap Detection: Level '/Game/ThirdPersonBP/Maps/ThirdPersonExampleMap.ThirdPersonExampleMap:PersistentLevel' has LevelScriptBlueprint '/Game/ThirdPersonBP/Maps/ThirdPersonExampleMap.ThirdPersonExampleMap:PersistentLevel.ThirdPersonExampleMap' with GeneratedClass '/Game/ThirdPersonBP/Maps/ThirdPersonExampleMap.ThirdPersonExampleMap_C' with ClassGeneratedBy '/Game/ThirdPersonBP/Maps/ThirdPersonExampleMap.ThirdPersonExampleMap:PersistentLevel.ThirdPersonExampleMap'
[2018.10.01-14.33.57:634][547]LogSlate: Updating window title bar state: overlay mode, drag disabled, window buttons hidden, title bar hidden
[2018.10.01-14.34.06:079][548]Cmd: QUIT_EDITOR
[2018.10.01-14.34.12:266][548]LogExit: Preparing to exit.
