Log file open, 10/04/18 20:46:32
LogWindows: Failed to load 'aqProf.dll' (GetLastError=126)
LogWindows: File 'aqProf.dll' does not exist
LogWindows: Failed to load 'VSPerf140.dll' (GetLastError=126)
LogWindows: File 'VSPerf140.dll' does not exist
LogWindows: Failed to load 'VtuneApi.dll' (GetLastError=126)
LogWindows: File 'VtuneApi.dll' does not exist
LogWindows: Failed to load 'VtuneApi32e.dll' (GetLastError=126)
LogWindows: File 'VtuneApi32e.dll' does not exist
LogInit: Display: Running engine for game: TigerSouls
LogPlatformFile: Not using cached read wrapper
LogTaskGraph: Started task graph with 5 named threads and 23 total threads with 3 sets of task threads.
LogStats: Stats thread started at 0.356298
LogD3D11RHI: Loaded GFSDK_Aftermath_Lib.x64.dll
LogICUInternationalization: Display: ICU TimeZone Detection - Raw Offset: -6:00, Platform Override: ''
LogPluginManager: Mounting plugin Paper2D
LogPluginManager: Mounting plugin AISupport
LogPluginManager: Mounting plugin LightPropagationVolume
LogPluginManager: Mounting plugin CLionSourceCodeAccess
LogPluginManager: Mounting plugin CodeLiteSourceCodeAccess
LogPluginManager: Mounting plugin GitSourceControl
LogPluginManager: Mounting plugin KDevelopSourceCodeAccess
LogPluginManager: Mounting plugin NullSourceCodeAccess
LogPluginManager: Mounting plugin PerforceSourceControl
LogPluginManager: Mounting plugin SubversionSourceControl
LogPluginManager: Mounting plugin UObjectPlugin
LogPluginManager: Mounting plugin VisualStudioCodeSourceCodeAccess
LogPluginManager: Mounting plugin VisualStudioSourceCodeAccess
LogPluginManager: Mounting plugin XCodeSourceCodeAccess
LogPluginManager: Mounting plugin AssetManagerEditor
LogPluginManager: Mounting plugin CryptoKeys
LogPluginManager: Mounting plugin DataValidation
LogPluginManager: Mounting plugin FacialAnimation
LogPluginManager: Mounting plugin GameplayTagsEditor
LogPluginManager: Mounting plugin MacGraphicsSwitching
LogPluginManager: Mounting plugin MeshEditor
LogPluginManager: Mounting plugin MobileLauncherProfileWizard
LogPluginManager: Mounting plugin PluginBrowser
LogPluginManager: Mounting plugin SpeedTreeImporter
LogPluginManager: Mounting plugin DatasmithContent
LogPluginManager: Mounting plugin AlembicImporter
LogPluginManager: Mounting plugin AppleImageUtils
LogPluginManager: Mounting plugin AppleVision
LogPluginManager: Mounting plugin BackChannel
LogPluginManager: Mounting plugin CharacterAI
LogPluginManager: Mounting plugin GeometryCache
LogPluginManager: Mounting plugin HTML5Networking
LogPluginManager: Mounting plugin ProxyLODPlugin
LogPluginManager: Mounting plugin MagicLeap
LogPluginManager: Mounting plugin MagicLeapEmulator
LogPluginManager: Mounting plugin MagicLeapMedia
LogPluginManager: Mounting plugin AndroidMedia
LogPluginManager: Mounting plugin AvfMedia
LogPluginManager: Mounting plugin ImgMedia
LogPluginManager: Mounting plugin LinearTimecode
LogPluginManager: Mounting plugin MediaCompositing
LogPluginManager: Mounting plugin MediaPlayerEditor
LogPluginManager: Mounting plugin WmfMedia
LogPluginManager: Mounting plugin TcpMessaging
LogPluginManager: Mounting plugin UdpMessaging
LogPluginManager: Mounting plugin ActorSequence
LogPluginManager: Mounting plugin LevelSequenceEditor
LogPluginManager: Mounting plugin MatineeToLevelSequence
LogPluginManager: Mounting plugin NetcodeUnitTest
LogPluginManager: Mounting plugin NUTUnrealEngine4
LogPluginManager: Mounting plugin OnlineSubsystemGooglePlay
LogPluginManager: Mounting plugin OnlineSubsystemIOS
LogPluginManager: Mounting plugin OnlineSubsystem
LogPluginManager: Mounting plugin OnlineSubsystemNull
LogPluginManager: Mounting plugin OnlineSubsystemUtils
LogPluginManager: Mounting plugin LauncherChunkInstaller
LogPluginManager: Mounting plugin AndroidDeviceProfileSelector
LogPluginManager: Mounting plugin AndroidMoviePlayer
LogPluginManager: Mounting plugin AndroidPermission
LogPluginManager: Mounting plugin AppleMoviePlayer
LogPluginManager: Mounting plugin ArchVisCharacter
LogPluginManager: Mounting plugin AudioCapture
LogPluginManager: Mounting plugin CableComponent
LogPluginManager: Mounting plugin CustomMeshComponent
LogPluginManager: Mounting plugin EditableMesh
LogPluginManager: Mounting plugin ExampleDeviceProfileSelector
LogPluginManager: Mounting plugin GoogleCloudMessaging
LogPluginManager: Mounting plugin ImmediatePhysics
LogPluginManager: Mounting plugin IOSDeviceProfileSelector
LogPluginManager: Mounting plugin LinuxDeviceProfileSelector
LogPluginManager: Mounting plugin LocationServicesBPLibrary
LogPluginManager: Mounting plugin MobilePatchingUtils
LogPluginManager: Mounting plugin OculusVR
LogPluginManager: Plugin shader directory ../../../Engine/Plugins/Runtime/Oculus/OculusVR/Shaders found
LogPluginManager: Mapping shader source directory ../../../Engine/Plugins/Runtime/Oculus/OculusVR/Shaders to virtual directory /Plugin/OculusVR
LogPluginManager: Mounting plugin PhysXVehicles
LogPluginManager: Mounting plugin ProceduralMeshComponent
LogPluginManager: Mounting plugin RuntimePhysXCooking
LogPluginManager: Mounting plugin SteamVR
LogPluginManager: Mounting plugin WindowsMoviePlayer
LogStreaming: Display: Took  0.160s to configure plugins.
LogInit: Using libcurl 7.55.1-DEV
LogInit:  - built for x86_64-pc-win32
LogInit:  - supports SSL with OpenSSL/1.0.2h
LogInit:  - supports HTTP deflate (compression) using libz 1.2.8
LogInit:  - other features:
LogInit:      CURL_VERSION_SSL
LogInit:      CURL_VERSION_LIBZ
LogInit:      CURL_VERSION_IPV6
LogInit:      CURL_VERSION_ASYNCHDNS
LogInit:      CURL_VERSION_LARGEFILE
LogInit:      CURL_VERSION_IDN
LogInit:  CurlRequestOptions (configurable via config and command line):
LogInit:  - bVerifyPeer = false  - Libcurl will NOT verify peer certificate
LogInit:  - bUseHttpProxy = false  - Libcurl will NOT use HTTP proxy
LogInit:  - bDontReuseConnections = false  - Libcurl will reuse connections
LogInit:  - CertBundlePath = nullptr  - Libcurl will use whatever was configured at build time.
LogInit:  - MaxHostConnections = 16  - Libcurl will limit the number of connections to a host
LogInit:  - LocalHostAddr = Default
LogInit:  - BufferSize = 65536
LogInit: WinSock: version 1.1 (2.2), MaxSocks=32767, MaxUdp=65467
LogInit: Build: ++UE4+Release-4.20-CL-4302132
LogInit: Engine Version: 4.20.2-4302132+++UE4+Release-4.20
LogInit: Compatible Engine Version: 4.20.0-4212847+++UE4+Release-4.20
LogInit: Net CL: 4212847
LogInit: OS: Windows 10 (), CPU: Intel(R) Core(TM) i7-6700HQ CPU @ 2.60GHz, GPU: Intel(R) HD Graphics 530
LogInit: Compiled (64-bit): Aug 21 2018 02:06:06
LogInit: Compiled with Visual C++: 19.13.26129.00
LogInit: Build Configuration: Development
LogInit: Branch Name: ++UE4+Release-4.20
LogInit: Command Line: 
LogInit: Base Directory: D:/Epic Games/UnrealEngine/UE_4.20/Engine/Binaries/Win64/
LogInit: Installed Engine Build: 1
LogDevObjectVersion: Number of dev versions registered: 20
LogDevObjectVersion:   Dev-Blueprints (B0D832E4-1F89-4F0D-ACCF-7EB736FD4AA2): 10
LogDevObjectVersion:   Dev-Build (E1C64328-A22C-4D53-A36C-8E866417BD8C): 0
LogDevObjectVersion:   Dev-Core (375EC13C-06E4-48FB-B500-84F0262A717E): 2
LogDevObjectVersion:   Dev-Editor (E4B068ED-F494-42E9-A231-DA0B2E46BB41): 24
LogDevObjectVersion:   Dev-Framework (CFFC743F-43B0-4480-9391-14DF171D2073): 34
LogDevObjectVersion:   Dev-Mobile (B02B49B5-BB20-44E9-A304-32B752E40360): 2
LogDevObjectVersion:   Dev-Networking (A4E4105C-59A1-49B5-A7C5-40C4547EDFEE): 0
LogDevObjectVersion:   Dev-Online (39C831C9-5AE6-47DC-9A44-9C173E1C8E7C): 0
LogDevObjectVersion:   Dev-Physics (78F01B33-EBEA-4F98-B9B4-84EACCB95AA2): 0
LogDevObjectVersion:   Dev-Platform (6631380F-2D4D-43E0-8009-CF276956A95A): 0
LogDevObjectVersion:   Dev-Rendering (12F88B9F-8875-4AFC-A67C-D90C383ABD29): 26
LogDevObjectVersion:   Dev-Sequencer (7B5AE74C-D270-4C10-A958-57980B212A5A): 9
LogDevObjectVersion:   Dev-VR (D7296918-1DD6-4BDD-9DE2-64A83CC13884): 2
LogDevObjectVersion:   Dev-LoadTimes (C2A15278-BFE7-4AFE-6C17-90FF531DF755): 1
LogDevObjectVersion:   Private-Geometry (6EACA3D4-40EC-4CC1-B786-8BED09428FC5): 3
LogDevObjectVersion:   Dev-AnimPhys (29E575DD-E0A3-4627-9D10-D276232CDCEA): 17
LogDevObjectVersion:   Dev-ReflectionCapture (6B266CEC-1EC7-4B8F-A30B-E4D90942FC07): 1
LogDevObjectVersion:   Dev-Automation (0DF73D61-A23F-47EA-B727-89E90C41499A): 1
LogDevObjectVersion:   FortniteMain (601D1886-AC64-4F84-AA16-D3DE0DEAC7D6): 12
LogDevObjectVersion:   Dev-Enterprise (9DFFBCD6-494F-0158-E221-12823C92A888): 1
LogStreaming: Display: Took  0.001s to delete old logs.
LogInit: Presizing for max 8388607 objects, including 0 objects not considered by GC, pre-allocating 0 bytes for permanent pool.
LogInit: Object subsystem initialized
[2018.10.05-01.46.33:630][  0]LogInit: Selected Device Profile: [Windows]
[2018.10.05-01.46.33:630][  0]LogInit: Applying CVar settings loaded from the selected device profile: [Windows]
[2018.10.05-01.46.33:661][  0]LogHAL: Display: Platform has ~ 8 GB [8409350144 / 8589934592 / 8], which maps to Default [LargestMinGB=32, LargerMinGB=12, DefaultMinGB=8, SmallerMinGB=6, SmallestMinGB=0)
[2018.10.05-01.46.33:661][  0]LogInit: Setting Device Profile CVar: [[r.Vulkan.UseRealUBs:1]]
[2018.10.05-01.46.33:661][  0]LogInit: Going up to parent DeviceProfile []
[2018.10.05-01.46.33:667][  0]LogInit: Computer: HOLDENPC
[2018.10.05-01.46.33:667][  0]LogInit: User: Holden
[2018.10.05-01.46.33:667][  0]LogInit: CPU Page size=4096, Cores=4
[2018.10.05-01.46.33:667][  0]LogInit: High frequency timer resolution =2.531254 MHz
[2018.10.05-01.46.33:667][  0]LogMemory: Memory total: Physical=7.8GB (8GB approx)
[2018.10.05-01.46.33:667][  0]LogMemory: Platform Memory Stats for Windows
[2018.10.05-01.46.33:667][  0]LogMemory: Process Physical Memory: 100.99 MB used, 100.99 MB peak
[2018.10.05-01.46.33:667][  0]LogMemory: Process Virtual Memory: 89.43 MB used, 89.43 MB peak
[2018.10.05-01.46.33:667][  0]LogMemory: Physical Memory: 3892.62 MB used,  4127.16 MB free, 8019.78 MB total
[2018.10.05-01.46.33:667][  0]LogMemory: Virtual Memory: 4638.60 MB used,  4127.16 MB free, 134217728.00 MB total
[2018.10.05-01.46.33:834][  0]LogInit: Using OS detected language (en-US).
[2018.10.05-01.46.33:834][  0]LogInit: Using OS detected locale (en-US).
[2018.10.05-01.46.33:835][  0]LogTextLocalizationManager: No specific localization for 'en-US' exists, so the 'en' localization will be used.
[2018.10.05-01.46.34:341][  0]LogStreaming: Display: Took  0.506s to InitEngineTextLocalization.
[2018.10.05-01.46.34:341][  0]LogInit: Setting process to per monitor DPI aware
[2018.10.05-01.46.34:432][  0]LogSlate: New Slate User Created.  User Index 0, Is Virtual User: 0
[2018.10.05-01.46.34:432][  0]LogSlate: Slate User Registered.  User Index 0, Is Virtual User: 0
[2018.10.05-01.46.37:107][  0]LogHMD: Failed to initialize OpenVR with code 110
[2018.10.05-01.46.37:107][  0]LogD3D11RHI: D3D11 adapters:
[2018.10.05-01.46.37:176][  0]LogD3D11RHI:    0. 'NVIDIA GeForce GTX 960M' (Feature Level 11_0)
[2018.10.05-01.46.37:176][  0]LogD3D11RHI:       4055/0/4009 MB DedicatedVideo/DedicatedSystem/SharedSystem, Outputs:1, VendorId:0x10de
[2018.10.05-01.46.37:188][  0]LogD3D11RHI:    1. 'Intel(R) HD Graphics 530' (Feature Level 11_0)
[2018.10.05-01.46.37:188][  0]LogD3D11RHI:       128/0/4009 MB DedicatedVideo/DedicatedSystem/SharedSystem, Outputs:0, VendorId:0x8086
[2018.10.05-01.46.37:191][  0]LogD3D11RHI:    2. 'Microsoft Basic Render Driver' (Feature Level 11_0)
[2018.10.05-01.46.37:191][  0]LogD3D11RHI:       0/0/4009 MB DedicatedVideo/DedicatedSystem/SharedSystem, Outputs:0, VendorId:0x1414
[2018.10.05-01.46.37:191][  0]LogD3D11RHI: Chosen D3D11 Adapter: 0
[2018.10.05-01.46.37:230][  0]LogD3D11RHI: Creating new Direct3DDevice
[2018.10.05-01.46.37:230][  0]LogD3D11RHI:     GPU DeviceId: 0x139b (for the marketing name, search the web for "GPU Device Id")
[2018.10.05-01.46.37:230][  0]LogWindows: EnumDisplayDevices:
[2018.10.05-01.46.37:230][  0]LogWindows:    0. 'Intel(R) HD Graphics 530' (P:1 D:1)
[2018.10.05-01.46.37:230][  0]LogWindows:    1. 'Intel(R) HD Graphics 530' (P:0 D:0)
[2018.10.05-01.46.37:231][  0]LogWindows:    2. 'Intel(R) HD Graphics 530' (P:0 D:0)
[2018.10.05-01.46.37:231][  0]LogWindows: DebugString: PrimaryIsNotTheChoosenAdapter PrimaryIsNotTheChoosenAdapter PrimaryIsNotTheChoosenAdapter FoundDriverCount:0 
[2018.10.05-01.46.37:231][  0]LogD3D11RHI:     Adapter Name: NVIDIA GeForce GTX 960M
[2018.10.05-01.46.37:231][  0]LogD3D11RHI:   Driver Version: Unknown (internal:Unknown, unified:Unknown)
[2018.10.05-01.46.37:231][  0]LogD3D11RHI:      Driver Date: Unknown
[2018.10.05-01.46.37:231][  0]LogRHI: Texture pool is 2839 MB (70% of 4055 MB)
[2018.10.05-01.46.37:277][  0]LogD3D11RHI: Async texture creation enabled
[2018.10.05-01.46.37:295][  0]LogD3D11RHI: GPU Timing Frequency: 1000.000000 (Debug: 2 2)
[2018.10.05-01.46.37:296][  0]LogShaderCompilers: Guid format shader working directory is -25 characters bigger than the processId version (C:/Users/bhold/OneDrive/Documents/GitHub/TigerDev-DarkSoulsInspiration/Intermediate/Shaders/WorkingDirectory/12468/).
[2018.10.05-01.46.37:296][  0]LogShaderCompilers: Cleaned the shader compiler working directory 'C:/Users/bhold/AppData/Local/Temp/UnrealShaderWorkingDir/3889ED104C147FBB368F65A22F3A08E8/'.
[2018.10.05-01.46.37:799][  0]LogTemp: Display: Loaded TP AllDesktopTargetPlatform
[2018.10.05-01.46.37:824][  0]LogTemp: Display: Loaded TP MacClientTargetPlatform
[2018.10.05-01.46.37:867][  0]LogTemp: Display: Loaded TP MacNoEditorTargetPlatform
[2018.10.05-01.46.37:936][  0]LogTemp: Display: Loaded TP MacServerTargetPlatform
[2018.10.05-01.46.38:004][  0]LogTemp: Display: Loaded TP MacTargetPlatform
[2018.10.05-01.46.38:029][  0]LogTemp: Display: Loaded TP WindowsClientTargetPlatform
[2018.10.05-01.46.38:066][  0]LogTemp: Display: Loaded TP WindowsNoEditorTargetPlatform
[2018.10.05-01.46.38:097][  0]LogTemp: Display: Loaded TP WindowsServerTargetPlatform
[2018.10.05-01.46.38:122][  0]LogTemp: Display: Loaded TP WindowsTargetPlatform
[2018.10.05-01.46.38:226][  0]LogTemp: Display: Loaded TP AndroidTargetPlatform
[2018.10.05-01.46.38:226][  0]LogTemp: Display: Loaded TP AndroidTargetPlatform
[2018.10.05-01.46.38:226][  0]LogTemp: Display: Loaded TP AndroidTargetPlatform
[2018.10.05-01.46.38:226][  0]LogTemp: Display: Loaded TP AndroidTargetPlatform
[2018.10.05-01.46.38:226][  0]LogTemp: Display: Loaded TP AndroidTargetPlatform
[2018.10.05-01.46.38:226][  0]LogTemp: Display: Loaded TP AndroidTargetPlatform
[2018.10.05-01.46.38:226][  0]LogTemp: Display: Loaded TP AndroidTargetPlatform
[2018.10.05-01.46.38:226][  0]LogTemp: Display: Loaded TP AndroidTargetPlatform
[2018.10.05-01.46.38:226][  0]LogTemp: Display: Loaded TP AndroidTargetPlatform
[2018.10.05-01.46.38:226][  0]LogTemp: Display: Loaded TP AndroidTargetPlatform
[2018.10.05-01.46.38:226][  0]LogTemp: Display: Loaded TP AndroidTargetPlatform
[2018.10.05-01.46.38:226][  0]LogTemp: Display: Loaded TP AndroidTargetPlatform
[2018.10.05-01.46.38:226][  0]LogTemp: Display: Loaded TP AndroidTargetPlatform
[2018.10.05-01.46.38:226][  0]LogTemp: Display: Loaded TP AndroidTargetPlatform
[2018.10.05-01.46.38:226][  0]LogTemp: Display: Loaded TP AndroidTargetPlatform
[2018.10.05-01.46.38:226][  0]LogTemp: Display: Loaded TP AndroidTargetPlatform
[2018.10.05-01.46.38:226][  0]LogTemp: Display: Loaded TP AndroidTargetPlatform
[2018.10.05-01.46.38:226][  0]LogTemp: Display: Loaded TP AndroidTargetPlatform
[2018.10.05-01.46.38:238][  0]LogTemp: Display: Loaded TP HTML5TargetPlatform
[2018.10.05-01.46.38:374][  0]LogTemp: Display: Loaded TP IOSTargetPlatform
[2018.10.05-01.46.38:374][  0]LogTemp: Display: Loaded TP IOSTargetPlatform
[2018.10.05-01.46.38:433][  0]LogTemp: Display: Loaded TP TVOSTargetPlatform
[2018.10.05-01.46.38:434][  0]LogTemp: Display: Loaded TP TVOSTargetPlatform
[2018.10.05-01.46.38:458][  0]LogTemp: Display: Loaded TP LinuxClientTargetPlatform
[2018.10.05-01.46.38:497][  0]LogTemp: Display: Loaded TP LinuxNoEditorTargetPlatform
[2018.10.05-01.46.38:537][  0]LogTemp: Display: Loaded TP LinuxServerTargetPlatform
[2018.10.05-01.46.38:594][  0]LogTemp: Display: Loaded TP LinuxTargetPlatform
[2018.10.05-01.46.38:617][  0]LogTemp: Display: Loaded TP LuminTargetPlatform
[2018.10.05-01.46.38:617][  0]LogTargetPlatformManager: Display: Building Assets For Windows
[2018.10.05-01.46.38:951][  0]LogXGEController: Cannot use XGE Controller as Incredibuild is not installed on this machine.
[2018.10.05-01.46.38:951][  0]LogShaderCompilers: Cannot use XGE Shader Compiler as Incredibuild is not installed on this machine.
[2018.10.05-01.46.38:951][  0]LogShaderCompilers: Display: Using Local Shader Compiler.
[2018.10.05-01.46.41:183][  0]LogDerivedDataCache: Display: Max Cache Size: 512 MB
[2018.10.05-01.46.41:263][  0]LogDerivedDataCache: Loaded boot cache 0.08s 71MB C:/Users/bhold/AppData/Local/UnrealEngine/4.20/DerivedDataCache/Boot.ddc.
[2018.10.05-01.46.41:264][  0]LogDerivedDataCache: Display: Loaded Boot cache: C:/Users/bhold/AppData/Local/UnrealEngine/4.20/DerivedDataCache/Boot.ddc
[2018.10.05-01.46.41:264][  0]LogDerivedDataCache: FDerivedDataBackendGraph:  Pak pak cache file C:/Users/bhold/OneDrive/Documents/GitHub/TigerDev-DarkSoulsInspiration/DerivedDataCache/DDC.ddp not found, will not use a pak cache.
[2018.10.05-01.46.41:264][  0]LogDerivedDataCache: Unable to find inner node Pak for hierarchical cache Hierarchy.
[2018.10.05-01.46.41:264][  0]LogDerivedDataCache: FDerivedDataBackendGraph:  CompressedPak pak cache file C:/Users/bhold/OneDrive/Documents/GitHub/TigerDev-DarkSoulsInspiration/DerivedDataCache/Compressed.ddp not found, will not use a pak cache.
[2018.10.05-01.46.41:264][  0]LogDerivedDataCache: Unable to find inner node CompressedPak for hierarchical cache Hierarchy.
[2018.10.05-01.46.41:278][  0]LogDerivedDataCache: Display: Pak cache opened for reading ../../../Engine/DerivedDataCache/Compressed.ddp.
[2018.10.05-01.46.41:291][  0]LogDerivedDataCache: Using Local data cache path C:/Users/bhold/AppData/Local/UnrealEngine/Common/DerivedDataCache: Writable
[2018.10.05-01.46.41:291][  0]LogDerivedDataCache: Shared data cache path not found in *engine.ini, will not use an Shared cache.
[2018.10.05-01.46.41:291][  0]LogDerivedDataCache: Unable to find inner node Shared for hierarchical cache Hierarchy.
[2018.10.05-01.46.41:310][  0]LogMaterial: Verifying Global Shaders for PCD3D_SM5
[2018.10.05-01.46.41:312][  0]LogSlate: Using FreeType 2.6.0
[2018.10.05-01.46.41:312][  0]LogSlate: SlateFontServices - WITH_FREETYPE: 1, WITH_HARFBUZZ: 1
[2018.10.05-01.46.41:393][  0]LogAssetRegistry: FAssetRegistry took 0.0269 seconds to start up
[2018.10.05-01.46.41:752][  0]LogInit: Selected Device Profile: [Windows]
[2018.10.05-01.46.41:916][  0]LogSimplygon: Simplygon DLL not present - disabling.
[2018.10.05-01.46.41:919][  0]LogMeshReduction: Using SimplygonSwarm for distributed automatic mesh merging
[2018.10.05-01.46.41:919][  0]LogMeshReduction: Using ProxyLODMeshReduction for automatic mesh merging
[2018.10.05-01.46.41:919][  0]LogMeshReduction: Using QuadricMeshReduction for automatic static mesh reduction
[2018.10.05-01.46.41:919][  0]LogMeshReduction: No automatic skeletal mesh reduction module available
[2018.10.05-01.46.41:936][  0]LogNetVersion: TigerSouls 1.0.0, NetCL: 4212847, EngineNetVer: 5, GameNetVer: 0 (Checksum: 2853298775)
[2018.10.05-01.46.42:563][  0]LogPackageLocalizationCache: Processed 11 localized package path(s) for 2 prioritized culture(s) in 0.141969 seconds
[2018.10.05-01.46.42:571][  0]LogUObjectArray: 38425 objects as part of root set at end of initial load.
[2018.10.05-01.46.42:571][  0]LogUObjectAllocator: 6690864 out of 0 bytes used by permanent object pool.
[2018.10.05-01.46.42:571][  0]LogUObjectArray: CloseDisregardForGC: 0/0 objects in disregard for GC pool
[2018.10.05-01.46.43:459][  0]LogTcpMessaging: Initializing TcpMessaging bridge
[2018.10.05-01.46.43:472][  0]LogUdpMessaging: Initializing bridge on interface 0.0.0.0:0 to multicast group 230.0.0.1:6666.
[2018.10.05-01.46.43:623][  0]SourceControl: Source control is disabled
[2018.10.05-01.46.43:623][  0]SourceControl: Source control is disabled
[2018.10.05-01.46.43:624][  0]SourceControl: Source control is disabled
[2018.10.05-01.46.43:625][  0]SourceControl: Source control is disabled
[2018.10.05-01.46.43:800][  0]LogAndroidPermission: UAndroidPermissionCallbackProxy::GetInstance
[2018.10.05-01.46.43:860][  0]LogOcInput: OculusInput pre-init called
[2018.10.05-01.46.43:926][  0]LogEngine: Initializing Engine...
[2018.10.05-01.46.43:927][  0]LogHMD: Failed to initialize OpenVR with code 110
[2018.10.05-01.46.43:928][  0]LogStats: UGameplayTagsManager::ConstructGameplayTagTree: ImportINI prefixes -  0.000 s
[2018.10.05-01.46.43:928][  0]LogStats: UGameplayTagsManager::ConstructGameplayTagTree: Construct from data asset -  0.000 s
[2018.10.05-01.46.43:928][  0]LogStats: UGameplayTagsManager::ConstructGameplayTagTree: ImportINI -  0.000 s
[2018.10.05-01.46.43:928][  0]LogStats: UGameplayTagsManager::ConstructGameplayTagTree: GameplayTagTreeChangedEvent.Broadcast -  0.000 s
[2018.10.05-01.46.44:226][  0]LogInit: Initializing FReadOnlyCVARCache
[2018.10.05-01.46.44:237][  0]LogAIModule: Creating AISystem for world Untitled
[2018.10.05-01.46.44:246][  0]LogInit: XAudio2 using 'Speakers (Realtek High Definition Audio)' : 2 channels at 48 kHz using 32 bits per sample (channel mask 0x3)
[2018.10.05-01.46.44:309][  0]LogInit: FAudioDevice initialized.
[2018.10.05-01.46.44:310][  0]LogNetVersion: Set ProjectVersion to 1.0.0.0. Version Checksum will be recalculated on next use.
[2018.10.05-01.46.44:378][  0]LogDerivedDataCache: Saved boot cache 0.07s 71MB C:/Users/bhold/AppData/Local/UnrealEngine/4.20/DerivedDataCache/Boot.ddc.
[2018.10.05-01.46.44:391][  0]LogInit: Texture streaming: Enabled
[2018.10.05-01.46.44:408][  0]LogEngineSessionManager: EngineSessionManager initialized
[2018.10.05-01.46.44:423][  0]LogInit: Transaction tracking system initialized
[2018.10.05-01.46.44:440][  0]BlueprintLog: New page: Editor Load
[2018.10.05-01.46.44:504][  0]LocalizationService: Localization service is disabled
[2018.10.05-01.46.44:937][  0]LogCook: Display: Max memory allowance for cook 16384mb min free memory 0mb
[2018.10.05-01.46.44:939][  0]LogCook: Display: Mobile HDR setting 1
[2018.10.05-01.46.44:939][  0]LogGameplayTags: Display: UGameplayTagsManager::DoneAddingNativeTags. DelegateIsBound: 0
[2018.10.05-01.46.44:939][  0]LogStats: UGameplayTagsManager::ConstructGameplayTagTree: ImportINI prefixes -  0.000 s
[2018.10.05-01.46.44:939][  0]LogStats: UGameplayTagsManager::ConstructGameplayTagTree: Construct from data asset -  0.000 s
[2018.10.05-01.46.44:939][  0]LogStats: UGameplayTagsManager::ConstructGameplayTagTree: ImportINI -  0.000 s
[2018.10.05-01.46.44:939][  0]LogStats: UGameplayTagsManager::ConstructGameplayTagTree: GameplayTagTreeChangedEvent.Broadcast -  0.000 s
[2018.10.05-01.46.45:053][  0]LogFileCache: Scanning file cache for directory 'C:/Users/bhold/OneDrive/Documents/GitHub/TigerDev-DarkSoulsInspiration/Content/' took 0.03s
[2018.10.05-01.46.45:053][  0]SourceControl: Source control is disabled
[2018.10.05-01.46.45:054][  0]Cmd: MAP LOAD FILE="C:/Users/bhold/OneDrive/Documents/GitHub/TigerDev-DarkSoulsInspiration/Content/ThirdPersonBP/Maps/ThirdPersonExampleMap.umap" TEMPLATE=0 SHOWPROGRESS=1 FEATURELEVEL=3
[2018.10.05-01.46.45:054][  0]LightingResults: New page: Lighting Build
[2018.10.05-01.46.45:056][  0]MapCheck: New page: Map Check
[2018.10.05-01.46.45:056][  0]LightingResults: New page: Lighting Build
[2018.10.05-01.46.47:005][  0]LogAIModule: Creating AISystem for world ThirdPersonExampleMap
[2018.10.05-01.46.47:046][  0]LogEditorServer: Finished looking for orphan Actors (0.000 secs)
[2018.10.05-01.46.47:075][  0]Cmd: MAP CHECKDEP NOCLEARLOG
[2018.10.05-01.46.47:138][  0]MapCheck: Map check complete: 0 Error(s), 0 Warning(s), took 63.364ms to complete.
[2018.10.05-01.46.47:138][  0]LogFileHelpers: Loading map 'ThirdPersonExampleMap' took 2.085
[2018.10.05-01.46.48:498][  0]LogSlate: Updating window title bar state: overlay mode, drag disabled, window buttons hidden, title bar hidden
[2018.10.05-01.46.48:530][  0]LogSlate: Updating window title bar state: overlay mode, drag disabled, window buttons hidden, title bar hidden
[2018.10.05-01.46.48:553][  0]LogSlate: Updating window title bar state: overlay mode, drag disabled, window buttons hidden, title bar hidden
[2018.10.05-01.46.48:567][  0]LogSlate: Updating window title bar state: overlay mode, drag disabled, window buttons hidden, title bar hidden
[2018.10.05-01.46.48:591][  0]LogCollectionManager: Loaded 0 collections in 0.001429 seconds
[2018.10.05-01.46.48:739][  0]LogFileCache: Scanning file cache for directory 'C:/Users/bhold/OneDrive/Documents/GitHub/TigerDev-DarkSoulsInspiration/Saved/Collections/' took 0.01s
[2018.10.05-01.46.48:739][  0]LogFileCache: Scanning file cache for directory 'C:/Users/bhold/OneDrive/Documents/GitHub/TigerDev-DarkSoulsInspiration/Content/Developers/Holden/Collections/' took 0.01s
[2018.10.05-01.46.48:739][  0]LogFileCache: Scanning file cache for directory 'C:/Users/bhold/OneDrive/Documents/GitHub/TigerDev-DarkSoulsInspiration/Content/Collections/' took 0.01s
[2018.10.05-01.46.48:740][  0]LogCollectionManager: Rebuilt the GUID cache for 0 collections in 0.000001 seconds
[2018.10.05-01.46.48:768][  0]LogContentBrowser: Native class hierarchy populated in 0.0273 seconds. Added 2572 classes and 603 folders.
[2018.10.05-01.46.48:832][  0]LogContentBrowser: Native class hierarchy updated for 'WidgetCarousel' in 0.0005 seconds. Added 0 classes and 0 folders.
[2018.10.05-01.46.50:806][  0]LogContentBrowser: Native class hierarchy updated for 'AddContentDialog' in 0.0008 seconds. Added 0 classes and 0 folders.
[2018.10.05-01.46.50:877][  0]LogContentBrowser: Native class hierarchy updated for 'SceneOutliner' in 0.0013 seconds. Added 1 classes and 2 folders.
[2018.10.05-01.46.51:228][  0]LogSlate: Took 0.000376 seconds to synchronously load lazily loaded font '../../../Engine/Content/Slate/Fonts/Roboto-Regular.ttf' (155K)
[2018.10.05-01.46.51:233][  0]LogSlate: Took 0.000327 seconds to synchronously load lazily loaded font '../../../Engine/Content/Slate/Fonts/Roboto-Bold.ttf' (160K)
[2018.10.05-01.46.51:299][  0]LogSlate: Took 0.018785 seconds to synchronously load lazily loaded font '../../../Engine/Content/Editor/Slate/Fonts/FontAwesome.ttf' (139K)
[2018.10.05-01.46.51:759][  0]LogRenderer: Reallocating scene render targets to support 936x452 Format 10 NumSamples 1 (Frame:1).
[2018.10.05-01.46.52:205][  0]LogContentBrowser: Native class hierarchy updated for 'HierarchicalLODOutliner' in 0.0003 seconds. Added 0 classes and 0 folders.
[2018.10.05-01.46.52:205][  0]LogLoad: (Engine Initialization) Total time: 22.35 seconds
[2018.10.05-01.46.52:205][  0]LogLoad: (Engine Initialization) Total Blueprint compile time: 0.00 seconds
[2018.10.05-01.46.52:224][  0]LogWindowsTextInputMethodSystem: Display: IME system now deactivated.
[2018.10.05-01.46.52:262][  0]LogContentStreaming: Texture pool size now 1000 MB
[2018.10.05-01.46.52:453][  0]LogSlate: Took 0.018864 seconds to synchronously load lazily loaded font '../../../Engine/Content/Slate/Fonts/Roboto-Light.ttf' (167K)
[2018.10.05-01.46.53:081][  2]LogAssetRegistry: Asset discovery search completed in 11.7107 seconds
[2018.10.05-01.46.53:084][  2]LogCollectionManager: Rebuilt the object cache for 0 collections in 0.000002 seconds (found 0 objects)
[2018.10.05-01.46.53:084][  2]LogCollectionManager: Fixed up redirectors for 0 collections in 0.000193 seconds (updated 0 objects)
[2018.10.05-01.46.54:496][  4]LogSlate: Took 0.000228 seconds to synchronously load lazily loaded font '../../../Engine/Content/Slate/Fonts/Roboto-Light.ttf' (167K)
[2018.10.05-01.46.59:413][284]LogSlate: FSceneViewport::OnFocusLost() reason 0
[2018.10.05-01.47.03:055][494]LogSlate: FSceneViewport::OnFocusLost() reason 2
[2018.10.05-01.47.03:765][494]LogSavePackage: Moving 'C:/Users/bhold/OneDrive/Documents/GitHub/TigerDev-DarkSoulsInspiration/Saved/ThirdPersonExampleMapDCF03A13477E274E041CF0ACD9DEA75D.tmp' to 'C:/Users/bhold/OneDrive/Documents/GitHub/TigerDev-DarkSoulsInspiration/Content/ThirdPersonBP/Maps/ThirdPersonExampleMap.umap'
[2018.10.05-01.47.04:388][494]LogSavePackage: Moving 'C:/Users/bhold/OneDrive/Documents/GitHub/TigerDev-DarkSoulsInspiration/Saved/ThirdPersonExampleMap_BuiltDataBA41C05340AD230460D2D7B5F6060088.tmp' to 'C:/Users/bhold/OneDrive/Documents/GitHub/TigerDev-DarkSoulsInspiration/Content/ThirdPersonBP/Maps/ThirdPersonExampleMap_BuiltData.uasset'
[2018.10.05-01.47.14:902][118]LogSlate: FSceneViewport::OnFocusLost() reason 0
[2018.10.05-01.47.15:035][126]LogTemp: Repeating last play command: Selected Viewport
[2018.10.05-01.47.15:095][126]LogBlueprintUserMessages: Early PlayInEditor Detection: Level '/Game/ThirdPersonBP/Maps/ThirdPersonExampleMap.ThirdPersonExampleMap:PersistentLevel' has LevelScriptBlueprint '/Game/ThirdPersonBP/Maps/ThirdPersonExampleMap.ThirdPersonExampleMap:PersistentLevel.ThirdPersonExampleMap' with GeneratedClass '/Game/ThirdPersonBP/Maps/ThirdPersonExampleMap.ThirdPersonExampleMap_C' with ClassGeneratedBy '/Game/ThirdPersonBP/Maps/ThirdPersonExampleMap.ThirdPersonExampleMap:PersistentLevel.ThirdPersonExampleMap'
[2018.10.05-01.47.15:095][126]LogPlayLevel: PlayLevel: No blueprints needed recompiling
[2018.10.05-01.47.15:131][126]PIE: New page: PIE session: ThirdPersonExampleMap (Oct 4, 2018, 3:47:15 PM)
[2018.10.05-01.47.15:131][126]LogPlayLevel: Creating play world package: /Game/ThirdPersonBP/Maps/UEDPIE_0_ThirdPersonExampleMap
[2018.10.05-01.47.15:177][126]LogPlayLevel: PIE: StaticDuplicateObject took: (0.045340s)
[2018.10.05-01.47.15:178][126]LogAIModule: Creating AISystem for world ThirdPersonExampleMap
[2018.10.05-01.47.15:178][126]LogPlayLevel: PIE: World Init took: (0.001207s)
[2018.10.05-01.47.15:178][126]LogPlayLevel: PIE: Created PIE world by copying editor world from /Game/ThirdPersonBP/Maps/ThirdPersonExampleMap.ThirdPersonExampleMap to /Game/ThirdPersonBP/Maps/UEDPIE_0_ThirdPersonExampleMap.ThirdPersonExampleMap (0.046830s)
[2018.10.05-01.47.15:211][126]LogInit: XAudio2 using 'Speakers (Realtek High Definition Audio)' : 2 channels at 48 kHz using 32 bits per sample (channel mask 0x3)
[2018.10.05-01.47.15:231][126]LogInit: FAudioDevice initialized.
[2018.10.05-01.47.15:302][126]LogLoad: Game class is 'ThirdPersonGameMode_C'
[2018.10.05-01.47.15:324][126]LogWorld: Bringing World /Game/ThirdPersonBP/Maps/UEDPIE_0_ThirdPersonExampleMap.ThirdPersonExampleMap up for play (max tick rate 60) at 2018.10.04-20.47.15
[2018.10.05-01.47.15:332][126]LogWorld: Bringing up level for play took: 0.011424
[2018.10.05-01.47.15:389][126]LogSpawn: Warning: SpawnActor failed because no class was specified
[2018.10.05-01.47.15:432][126]LogContentBrowser: Native class hierarchy updated for 'MovieSceneCapture' in 0.0007 seconds. Added 10 classes and 0 folders.
[2018.10.05-01.47.15:518][126]PIE: Play in editor start time for /Game/ThirdPersonBP/Maps/UEDPIE_0_ThirdPersonExampleMap 0.482
[2018.10.05-01.47.15:518][126]LogBlueprintUserMessages: Late PlayInEditor Detection: Level '/Game/ThirdPersonBP/Maps/ThirdPersonExampleMap.ThirdPersonExampleMap:PersistentLevel' has LevelScriptBlueprint '/Game/ThirdPersonBP/Maps/ThirdPersonExampleMap.ThirdPersonExampleMap:PersistentLevel.ThirdPersonExampleMap' with GeneratedClass '/Game/ThirdPersonBP/Maps/ThirdPersonExampleMap.ThirdPersonExampleMap_C' with ClassGeneratedBy '/Game/ThirdPersonBP/Maps/ThirdPersonExampleMap.ThirdPersonExampleMap:PersistentLevel.ThirdPersonExampleMap'
[2018.10.05-01.47.23:071][566]LogBlueprintUserMessages: Early EndPlayMap Detection: Level '/Game/ThirdPersonBP/Maps/ThirdPersonExampleMap.ThirdPersonExampleMap:PersistentLevel' has LevelScriptBlueprint '/Game/ThirdPersonBP/Maps/ThirdPersonExampleMap.ThirdPersonExampleMap:PersistentLevel.ThirdPersonExampleMap' with GeneratedClass '/Game/ThirdPersonBP/Maps/ThirdPersonExampleMap.ThirdPersonExampleMap_C' with ClassGeneratedBy '/Game/ThirdPersonBP/Maps/ThirdPersonExampleMap.ThirdPersonExampleMap:PersistentLevel.ThirdPersonExampleMap'
[2018.10.05-01.47.23:071][566]LogSlate: Updating window title bar state: overlay mode, drag disabled, window buttons hidden, title bar hidden
[2018.10.05-01.47.23:106][566]LogPlayLevel: Display: Shutting down PIE online subsystems
[2018.10.05-01.47.23:106][566]LogBlueprintUserMessages: Late EndPlayMap Detection: Level '/Game/ThirdPersonBP/Maps/ThirdPersonExampleMap.ThirdPersonExampleMap:PersistentLevel' has LevelScriptBlueprint '/Game/ThirdPersonBP/Maps/ThirdPersonExampleMap.ThirdPersonExampleMap:PersistentLevel.ThirdPersonExampleMap' with GeneratedClass '/Game/ThirdPersonBP/Maps/ThirdPersonExampleMap.ThirdPersonExampleMap_C' with ClassGeneratedBy '/Game/ThirdPersonBP/Maps/ThirdPersonExampleMap.ThirdPersonExampleMap:PersistentLevel.ThirdPersonExampleMap'
[2018.10.05-01.47.23:159][566]LogSlate: Updating window title bar state: overlay mode, drag disabled, window buttons hidden, title bar hidden
[2018.10.05-01.47.23:208][567]LogPlayLevel: Display: Destroying online subsystem :Context_3
[2018.10.05-01.47.28:213][851]LogSlate: FSceneViewport::OnFocusLost() reason 0
[2018.10.05-01.47.34:768][191]LogSavePackage: Moving 'C:/Users/bhold/OneDrive/Documents/GitHub/TigerDev-DarkSoulsInspiration/Saved/ThirdPersonExampleMap4D28C60E4AA2A40F7A1E20923E322D34.tmp' to 'C:/Users/bhold/OneDrive/Documents/GitHub/TigerDev-DarkSoulsInspiration/Content/ThirdPersonBP/Maps/ThirdPersonExampleMap.umap'
[2018.10.05-01.47.35:166][191]LogSavePackage: Moving 'C:/Users/bhold/OneDrive/Documents/GitHub/TigerDev-DarkSoulsInspiration/Saved/ThirdPersonExampleMap_BuiltDataB1AD0695454C0E05D310DF82BF2F8AC3.tmp' to 'C:/Users/bhold/OneDrive/Documents/GitHub/TigerDev-DarkSoulsInspiration/Content/ThirdPersonBP/Maps/ThirdPersonExampleMap_BuiltData.uasset'
[2018.10.05-01.50.21:955][166]LogSavePackage: Moving 'C:/Users/bhold/OneDrive/Documents/GitHub/TigerDev-DarkSoulsInspiration/Saved/ThirdPersonExampleMapCD31D18B487CDC0F72B5F5B076EF53F6.tmp' to 'C:/Users/bhold/OneDrive/Documents/GitHub/TigerDev-DarkSoulsInspiration/Content/ThirdPersonBP/Maps/ThirdPersonExampleMap.umap'
[2018.10.05-01.50.22:352][166]LogSavePackage: Moving 'C:/Users/bhold/OneDrive/Documents/GitHub/TigerDev-DarkSoulsInspiration/Saved/ThirdPersonExampleMap_BuiltData150CAEE0407560F95999E39ADD19A548.tmp' to 'C:/Users/bhold/OneDrive/Documents/GitHub/TigerDev-DarkSoulsInspiration/Content/ThirdPersonBP/Maps/ThirdPersonExampleMap_BuiltData.uasset'
[2018.10.05-01.50.28:583][528]LogAssetEditorManager: Opening Asset editor for LevelScriptBlueprint /Game/ThirdPersonBP/Maps/ThirdPersonExampleMap.ThirdPersonExampleMap:PersistentLevel.ThirdPersonExampleMap
[2018.10.05-01.50.30:246][528]LogContentBrowser: Native class hierarchy updated for 'BlueprintGraph' in 0.0024 seconds. Added 116 classes and 0 folders.
[2018.10.05-01.50.31:558][528]LogSlate: Took 0.015137 seconds to synchronously load lazily loaded font '../../../Engine/Content/Slate/Fonts/Roboto-BoldCondensed.ttf' (158K)
[2018.10.05-01.50.34:599][670]LogSlate: Took 0.024364 seconds to synchronously load lazily loaded font '../../../Engine/Content/Slate/Fonts/Roboto-Italic.ttf' (157K)
[2018.10.05-01.50.59:254][ 42]LogSavePackage: Moving 'C:/Users/bhold/OneDrive/Documents/GitHub/TigerDev-DarkSoulsInspiration/Saved/ThirdPersonExampleMapAC60FB084D8035F2E912B58F4B115B96.tmp' to 'C:/Users/bhold/OneDrive/Documents/GitHub/TigerDev-DarkSoulsInspiration/Content/ThirdPersonBP/Maps/ThirdPersonExampleMap.umap'
[2018.10.05-01.50.59:303][ 42]LogFileHelpers: Saving map 'ThirdPersonExampleMap' took 0.380
[2018.10.05-01.51.02:127][182]LogSavePackage: Moving 'C:/Users/bhold/OneDrive/Documents/GitHub/TigerDev-DarkSoulsInspiration/Saved/ThirdPersonExampleMapC990FD7844D8A2DF264521B203A0CC2C.tmp' to 'C:/Users/bhold/OneDrive/Documents/GitHub/TigerDev-DarkSoulsInspiration/Content/ThirdPersonBP/Maps/ThirdPersonExampleMap.umap'
[2018.10.05-01.51.02:560][182]LogSavePackage: Moving 'C:/Users/bhold/OneDrive/Documents/GitHub/TigerDev-DarkSoulsInspiration/Saved/ThirdPersonExampleMap_BuiltData35EF86C14D063DC67E6A9AB32D0E31F3.tmp' to 'C:/Users/bhold/OneDrive/Documents/GitHub/TigerDev-DarkSoulsInspiration/Content/ThirdPersonBP/Maps/ThirdPersonExampleMap_BuiltData.uasset'
[2018.10.05-01.51.03:256][224]LogTemp: Repeating last play command: Selected Viewport
[2018.10.05-01.51.03:274][224]LogBlueprintUserMessages: Early PlayInEditor Detection: Level '/Game/ThirdPersonBP/Maps/ThirdPersonExampleMap.ThirdPersonExampleMap:PersistentLevel' has LevelScriptBlueprint '/Game/ThirdPersonBP/Maps/ThirdPersonExampleMap.ThirdPersonExampleMap:PersistentLevel.ThirdPersonExampleMap' with GeneratedClass '/Game/ThirdPersonBP/Maps/ThirdPersonExampleMap.ThirdPersonExampleMap_C' with ClassGeneratedBy '/Game/ThirdPersonBP/Maps/ThirdPersonExampleMap.ThirdPersonExampleMap:PersistentLevel.ThirdPersonExampleMap'
[2018.10.05-01.51.03:274][224]LogPlayLevel: PlayLevel: No blueprints needed recompiling
[2018.10.05-01.51.03:274][224]PIE: New page: PIE session: ThirdPersonExampleMap (Oct 4, 2018, 3:51:03 PM)
[2018.10.05-01.51.03:274][224]LogPlayLevel: Creating play world package: /Game/ThirdPersonBP/Maps/UEDPIE_0_ThirdPersonExampleMap
[2018.10.05-01.51.03:278][224]LogPlayLevel: PIE: StaticDuplicateObject took: (0.003843s)
[2018.10.05-01.51.03:279][224]LogAIModule: Creating AISystem for world ThirdPersonExampleMap
[2018.10.05-01.51.03:279][224]LogPlayLevel: PIE: World Init took: (0.000793s)
[2018.10.05-01.51.03:279][224]LogPlayLevel: PIE: Created PIE world by copying editor world from /Game/ThirdPersonBP/Maps/ThirdPersonExampleMap.ThirdPersonExampleMap to /Game/ThirdPersonBP/Maps/UEDPIE_0_ThirdPersonExampleMap.ThirdPersonExampleMap (0.004747s)
[2018.10.05-01.51.03:308][224]LogInit: XAudio2 using 'Speakers (Realtek High Definition Audio)' : 2 channels at 48 kHz using 32 bits per sample (channel mask 0x3)
[2018.10.05-01.51.03:326][224]LogInit: FAudioDevice initialized.
[2018.10.05-01.51.03:356][224]LogLoad: Game class is 'ThirdPersonGameMode_C'
[2018.10.05-01.51.03:359][224]LogWorld: Bringing World /Game/ThirdPersonBP/Maps/UEDPIE_0_ThirdPersonExampleMap.ThirdPersonExampleMap up for play (max tick rate 60) at 2018.10.04-20.51.03
[2018.10.05-01.51.03:360][224]LogWorld: Bringing up level for play took: 0.001984
[2018.10.05-01.51.03:372][224]LogSpawn: Warning: SpawnActor failed because no class was specified
[2018.10.05-01.51.03:373][224]PIE: Play in editor start time for /Game/ThirdPersonBP/Maps/UEDPIE_0_ThirdPersonExampleMap 0.337
[2018.10.05-01.51.03:373][224]LogBlueprintUserMessages: Late PlayInEditor Detection: Level '/Game/ThirdPersonBP/Maps/ThirdPersonExampleMap.ThirdPersonExampleMap:PersistentLevel' has LevelScriptBlueprint '/Game/ThirdPersonBP/Maps/ThirdPersonExampleMap.ThirdPersonExampleMap:PersistentLevel.ThirdPersonExampleMap' with GeneratedClass '/Game/ThirdPersonBP/Maps/ThirdPersonExampleMap.ThirdPersonExampleMap_C' with ClassGeneratedBy '/Game/ThirdPersonBP/Maps/ThirdPersonExampleMap.ThirdPersonExampleMap:PersistentLevel.ThirdPersonExampleMap'
[2018.10.05-01.51.19:628][172]LogBlueprintUserMessages: Early EndPlayMap Detection: Level '/Game/ThirdPersonBP/Maps/ThirdPersonExampleMap.ThirdPersonExampleMap:PersistentLevel' has LevelScriptBlueprint '/Game/ThirdPersonBP/Maps/ThirdPersonExampleMap.ThirdPersonExampleMap:PersistentLevel.ThirdPersonExampleMap' with GeneratedClass '/Game/ThirdPersonBP/Maps/ThirdPersonExampleMap.ThirdPersonExampleMap_C' with ClassGeneratedBy '/Game/ThirdPersonBP/Maps/ThirdPersonExampleMap.ThirdPersonExampleMap:PersistentLevel.ThirdPersonExampleMap'
[2018.10.05-01.51.19:628][172]LogSlate: Updating window title bar state: overlay mode, drag disabled, window buttons hidden, title bar hidden
[2018.10.05-01.51.19:671][172]LogPlayLevel: Display: Shutting down PIE online subsystems
[2018.10.05-01.51.19:671][172]LogBlueprintUserMessages: Late EndPlayMap Detection: Level '/Game/ThirdPersonBP/Maps/ThirdPersonExampleMap.ThirdPersonExampleMap:PersistentLevel' has LevelScriptBlueprint '/Game/ThirdPersonBP/Maps/ThirdPersonExampleMap.ThirdPersonExampleMap:PersistentLevel.ThirdPersonExampleMap' with GeneratedClass '/Game/ThirdPersonBP/Maps/ThirdPersonExampleMap.ThirdPersonExampleMap_C' with ClassGeneratedBy '/Game/ThirdPersonBP/Maps/ThirdPersonExampleMap.ThirdPersonExampleMap:PersistentLevel.ThirdPersonExampleMap'
[2018.10.05-01.51.19:728][172]LogSlate: Updating window title bar state: overlay mode, drag disabled, window buttons hidden, title bar hidden
[2018.10.05-01.51.19:742][173]LogPlayLevel: Display: Destroying online subsystem :Context_5
[2018.10.05-01.51.22:459][328]LogSlate: FSceneViewport::OnFocusLost() reason 2
[2018.10.05-01.51.22:732][328]LogSavePackage: Moving 'C:/Users/bhold/OneDrive/Documents/GitHub/TigerDev-DarkSoulsInspiration/Saved/ThirdPersonExampleMap2A59A83B41DF6EF8292AFEB64C44D859.tmp' to 'C:/Users/bhold/OneDrive/Documents/GitHub/TigerDev-DarkSoulsInspiration/Content/ThirdPersonBP/Maps/ThirdPersonExampleMap.umap'
[2018.10.05-01.51.23:147][328]LogSavePackage: Moving 'C:/Users/bhold/OneDrive/Documents/GitHub/TigerDev-DarkSoulsInspiration/Saved/ThirdPersonExampleMap_BuiltData151B8DDD4774A33A6A7E9197CE75E8B4.tmp' to 'C:/Users/bhold/OneDrive/Documents/GitHub/TigerDev-DarkSoulsInspiration/Content/ThirdPersonBP/Maps/ThirdPersonExampleMap_BuiltData.uasset'
[2018.10.05-01.51.25:453][442]LogEditorActor: Deleted Actor: Boss1_C
[2018.10.05-01.51.25:495][442]LogEditorActor: Deleted 1 Actors (0.063 secs)
[2018.10.05-01.51.27:374][528]LogSavePackage: Moving 'C:/Users/bhold/OneDrive/Documents/GitHub/TigerDev-DarkSoulsInspiration/Saved/ThirdPersonExampleMapE8A5A6E94D658454EE3923A8F9ADC538.tmp' to 'C:/Users/bhold/OneDrive/Documents/GitHub/TigerDev-DarkSoulsInspiration/Content/ThirdPersonBP/Maps/ThirdPersonExampleMap.umap'
[2018.10.05-01.51.27:792][528]LogSavePackage: Moving 'C:/Users/bhold/OneDrive/Documents/GitHub/TigerDev-DarkSoulsInspiration/Saved/ThirdPersonExampleMap_BuiltDataBA73BA1649D51EDA6D39E38AFB962B2B.tmp' to 'C:/Users/bhold/OneDrive/Documents/GitHub/TigerDev-DarkSoulsInspiration/Content/ThirdPersonBP/Maps/ThirdPersonExampleMap_BuiltData.uasset'
[2018.10.05-01.51.37:304][ 74]LogSavePackage: Moving 'C:/Users/bhold/OneDrive/Documents/GitHub/TigerDev-DarkSoulsInspiration/Saved/ThirdPersonExampleMapF79F3BF6400ED5C294F664A84FBAACE1.tmp' to 'C:/Users/bhold/OneDrive/Documents/GitHub/TigerDev-DarkSoulsInspiration/Content/ThirdPersonBP/Maps/ThirdPersonExampleMap.umap'
[2018.10.05-01.51.37:717][ 74]LogSavePackage: Moving 'C:/Users/bhold/OneDrive/Documents/GitHub/TigerDev-DarkSoulsInspiration/Saved/ThirdPersonExampleMap_BuiltData1FC205DD40906BFB2CB2F494049D8EB0.tmp' to 'C:/Users/bhold/OneDrive/Documents/GitHub/TigerDev-DarkSoulsInspiration/Content/ThirdPersonBP/Maps/ThirdPersonExampleMap_BuiltData.uasset'
[2018.10.05-01.51.38:430][109]LogTemp: Repeating last play command: Selected Viewport
[2018.10.05-01.51.38:449][109]LogBlueprintUserMessages: Early PlayInEditor Detection: Level '/Game/ThirdPersonBP/Maps/ThirdPersonExampleMap.ThirdPersonExampleMap:PersistentLevel' has LevelScriptBlueprint '/Game/ThirdPersonBP/Maps/ThirdPersonExampleMap.ThirdPersonExampleMap:PersistentLevel.ThirdPersonExampleMap' with GeneratedClass '/Game/ThirdPersonBP/Maps/ThirdPersonExampleMap.ThirdPersonExampleMap_C' with ClassGeneratedBy '/Game/ThirdPersonBP/Maps/ThirdPersonExampleMap.ThirdPersonExampleMap:PersistentLevel.ThirdPersonExampleMap'
[2018.10.05-01.51.38:449][109]LogPlayLevel: PlayLevel: No blueprints needed recompiling
[2018.10.05-01.51.38:449][109]PIE: New page: PIE session: ThirdPersonExampleMap (Oct 4, 2018, 3:51:38 PM)
[2018.10.05-01.51.38:449][109]LogPlayLevel: Creating play world package: /Game/ThirdPersonBP/Maps/UEDPIE_0_ThirdPersonExampleMap
[2018.10.05-01.51.38:453][109]LogPlayLevel: PIE: StaticDuplicateObject took: (0.003970s)
[2018.10.05-01.51.38:454][109]LogAIModule: Creating AISystem for world ThirdPersonExampleMap
[2018.10.05-01.51.38:454][109]LogPlayLevel: PIE: World Init took: (0.000786s)
[2018.10.05-01.51.38:454][109]LogPlayLevel: PIE: Created PIE world by copying editor world from /Game/ThirdPersonBP/Maps/ThirdPersonExampleMap.ThirdPersonExampleMap to /Game/ThirdPersonBP/Maps/UEDPIE_0_ThirdPersonExampleMap.ThirdPersonExampleMap (0.004887s)
[2018.10.05-01.51.38:488][109]LogInit: XAudio2 using 'Speakers (Realtek High Definition Audio)' : 2 channels at 48 kHz using 32 bits per sample (channel mask 0x3)
[2018.10.05-01.51.38:504][109]LogInit: FAudioDevice initialized.
[2018.10.05-01.51.38:537][109]LogLoad: Game class is 'ThirdPersonGameMode_C'
[2018.10.05-01.51.38:539][109]LogWorld: Bringing World /Game/ThirdPersonBP/Maps/UEDPIE_0_ThirdPersonExampleMap.ThirdPersonExampleMap up for play (max tick rate 60) at 2018.10.04-20.51.38
[2018.10.05-01.51.38:540][109]LogWorld: Bringing up level for play took: 0.001602
[2018.10.05-01.51.38:552][109]LogSpawn: Warning: SpawnActor failed because no class was specified
[2018.10.05-01.51.38:553][109]PIE: Play in editor start time for /Game/ThirdPersonBP/Maps/UEDPIE_0_ThirdPersonExampleMap -0.482
[2018.10.05-01.51.38:553][109]LogBlueprintUserMessages: Late PlayInEditor Detection: Level '/Game/ThirdPersonBP/Maps/ThirdPersonExampleMap.ThirdPersonExampleMap:PersistentLevel' has LevelScriptBlueprint '/Game/ThirdPersonBP/Maps/ThirdPersonExampleMap.ThirdPersonExampleMap:PersistentLevel.ThirdPersonExampleMap' with GeneratedClass '/Game/ThirdPersonBP/Maps/ThirdPersonExampleMap.ThirdPersonExampleMap_C' with ClassGeneratedBy '/Game/ThirdPersonBP/Maps/ThirdPersonExampleMap.ThirdPersonExampleMap:PersistentLevel.ThirdPersonExampleMap'
[2018.10.05-01.52.07:928][843]LogBlueprintUserMessages: Early EndPlayMap Detection: Level '/Game/ThirdPersonBP/Maps/ThirdPersonExampleMap.ThirdPersonExampleMap:PersistentLevel' has LevelScriptBlueprint '/Game/ThirdPersonBP/Maps/ThirdPersonExampleMap.ThirdPersonExampleMap:PersistentLevel.ThirdPersonExampleMap' with GeneratedClass '/Game/ThirdPersonBP/Maps/ThirdPersonExampleMap.ThirdPersonExampleMap_C' with ClassGeneratedBy '/Game/ThirdPersonBP/Maps/ThirdPersonExampleMap.ThirdPersonExampleMap:PersistentLevel.ThirdPersonExampleMap'
[2018.10.05-01.52.07:928][843]LogSlate: Updating window title bar state: overlay mode, drag disabled, window buttons hidden, title bar hidden
[2018.10.05-01.52.07:965][843]LogPlayLevel: Display: Shutting down PIE online subsystems
[2018.10.05-01.52.07:965][843]LogBlueprintUserMessages: Late EndPlayMap Detection: Level '/Game/ThirdPersonBP/Maps/ThirdPersonExampleMap.ThirdPersonExampleMap:PersistentLevel' has LevelScriptBlueprint '/Game/ThirdPersonBP/Maps/ThirdPersonExampleMap.ThirdPersonExampleMap:PersistentLevel.ThirdPersonExampleMap' with GeneratedClass '/Game/ThirdPersonBP/Maps/ThirdPersonExampleMap.ThirdPersonExampleMap_C' with ClassGeneratedBy '/Game/ThirdPersonBP/Maps/ThirdPersonExampleMap.ThirdPersonExampleMap:PersistentLevel.ThirdPersonExampleMap'
[2018.10.05-01.52.07:993][843]LogSlate: Updating window title bar state: overlay mode, drag disabled, window buttons hidden, title bar hidden
[2018.10.05-01.52.08:038][844]Cmd: SELECT NONE
[2018.10.05-01.52.08:263][844]LogPlayLevel: Display: Destroying online subsystem :Context_6
[2018.10.05-01.52.09:087][890]LogSlate: FSceneViewport::OnFocusLost() reason 2
[2018.10.05-01.52.09:382][890]LogSavePackage: Moving 'C:/Users/bhold/OneDrive/Documents/GitHub/TigerDev-DarkSoulsInspiration/Saved/ThirdPersonExampleMap83C6866148EB4DABA4C83AA04A8E66CD.tmp' to 'C:/Users/bhold/OneDrive/Documents/GitHub/TigerDev-DarkSoulsInspiration/Content/ThirdPersonBP/Maps/ThirdPersonExampleMap.umap'
[2018.10.05-01.52.09:825][890]LogSavePackage: Moving 'C:/Users/bhold/OneDrive/Documents/GitHub/TigerDev-DarkSoulsInspiration/Saved/ThirdPersonExampleMap_BuiltData0D8804A24C2ED0875717C887EA6DA81B.tmp' to 'C:/Users/bhold/OneDrive/Documents/GitHub/TigerDev-DarkSoulsInspiration/Content/ThirdPersonBP/Maps/ThirdPersonExampleMap_BuiltData.uasset'
[2018.10.05-01.52.25:131][591]LogTemp: Executing iPhonePackager certificates Engine -bundlename com.YourCompany.TigerSouls
[2018.10.05-01.52.25:131][591]LogTemp: CWD: D:\Epic Games\UnrealEngine\UE_4.20\Engine\Binaries\DotNET\IOS
[2018.10.05-01.52.25:131][591]LogTemp: Initial Dir: D:\Epic Games\UnrealEngine\UE_4.20
[2018.10.05-01.52.25:131][591]LogTemp: Env CWD: D:\Epic Games\UnrealEngine\UE_4.20\Engine\Binaries\DotNET\IOS
[2018.10.05-01.52.25:131][591]LogTemp: BranchPath = HOLDENPC/D/Epic Games/UnrealEngine/UE_4.20/Engine/Binaries --- GameBranchPath = HOLDENPC/D/Epic Games/UnrealEngine/UE_4.20/Engine/Binaries
[2018.10.05-01.52.25:131][591]LogTemp: IPP ERROR: Could not find provision directory 'C:\Users\bhold\AppData\Local/Apple Computer/MobileDevice/Provisioning Profiles/'.
[2018.10.05-01.52.25:131][591]LogSlate: Only BGRA pngs, bmps or icos are supported in by External Image Picker
[2018.10.05-01.53.30:300][206]LogSlate: Window 'Project Settings' being destroyed
[2018.10.05-01.53.30:308][206]LogSlate: Window 'Project Settings' being destroyed
[2018.10.05-01.53.31:793][255]LogSavePackage: Moving 'C:/Users/bhold/OneDrive/Documents/GitHub/TigerDev-DarkSoulsInspiration/Saved/ThirdPersonExampleMapB53E78774CB01A6105588C9017BAE7E9.tmp' to 'C:/Users/bhold/OneDrive/Documents/GitHub/TigerDev-DarkSoulsInspiration/Content/ThirdPersonBP/Maps/ThirdPersonExampleMap.umap'
[2018.10.05-01.53.32:213][255]LogSavePackage: Moving 'C:/Users/bhold/OneDrive/Documents/GitHub/TigerDev-DarkSoulsInspiration/Saved/ThirdPersonExampleMap_BuiltDataEDFC651448B4E8EA30A54ABA74E4ACB0.tmp' to 'C:/Users/bhold/OneDrive/Documents/GitHub/TigerDev-DarkSoulsInspiration/Content/ThirdPersonBP/Maps/ThirdPersonExampleMap_BuiltData.uasset'
[2018.10.05-01.53.32:801][282]LogTemp: Repeating last play command: Selected Viewport
[2018.10.05-01.53.32:819][282]LogBlueprintUserMessages: Early PlayInEditor Detection: Level '/Game/ThirdPersonBP/Maps/ThirdPersonExampleMap.ThirdPersonExampleMap:PersistentLevel' has LevelScriptBlueprint '/Game/ThirdPersonBP/Maps/ThirdPersonExampleMap.ThirdPersonExampleMap:PersistentLevel.ThirdPersonExampleMap' with GeneratedClass '/Game/ThirdPersonBP/Maps/ThirdPersonExampleMap.ThirdPersonExampleMap_C' with ClassGeneratedBy '/Game/ThirdPersonBP/Maps/ThirdPersonExampleMap.ThirdPersonExampleMap:PersistentLevel.ThirdPersonExampleMap'
[2018.10.05-01.53.32:819][282]LogPlayLevel: PlayLevel: No blueprints needed recompiling
[2018.10.05-01.53.32:820][282]PIE: New page: PIE session: ThirdPersonExampleMap (Oct 4, 2018, 3:53:32 PM)
[2018.10.05-01.53.32:820][282]LogPlayLevel: Creating play world package: /Game/ThirdPersonBP/Maps/UEDPIE_0_ThirdPersonExampleMap
[2018.10.05-01.53.32:825][282]LogPlayLevel: PIE: StaticDuplicateObject took: (0.004794s)
[2018.10.05-01.53.32:826][282]LogAIModule: Creating AISystem for world ThirdPersonExampleMap
[2018.10.05-01.53.32:826][282]LogPlayLevel: PIE: World Init took: (0.001316s)
[2018.10.05-01.53.32:826][282]LogPlayLevel: PIE: Created PIE world by copying editor world from /Game/ThirdPersonBP/Maps/ThirdPersonExampleMap.ThirdPersonExampleMap to /Game/ThirdPersonBP/Maps/UEDPIE_0_ThirdPersonExampleMap.ThirdPersonExampleMap (0.006391s)
[2018.10.05-01.53.32:855][282]LogInit: XAudio2 using 'Speakers (Realtek High Definition Audio)' : 2 channels at 48 kHz using 32 bits per sample (channel mask 0x3)
[2018.10.05-01.53.32:872][282]LogInit: FAudioDevice initialized.
[2018.10.05-01.53.32:903][282]LogLoad: Game class is 'ThirdPersonGameMode_C'
[2018.10.05-01.53.32:906][282]LogWorld: Bringing World /Game/ThirdPersonBP/Maps/UEDPIE_0_ThirdPersonExampleMap.ThirdPersonExampleMap up for play (max tick rate 60) at 2018.10.04-20.53.32
[2018.10.05-01.53.32:906][282]LogWorld: Bringing up level for play took: 0.001786
[2018.10.05-01.53.32:918][282]LogSpawn: Warning: SpawnActor failed because no class was specified
[2018.10.05-01.53.32:919][282]PIE: Play in editor start time for /Game/ThirdPersonBP/Maps/UEDPIE_0_ThirdPersonExampleMap -0.117
[2018.10.05-01.53.32:919][282]LogBlueprintUserMessages: Late PlayInEditor Detection: Level '/Game/ThirdPersonBP/Maps/ThirdPersonExampleMap.ThirdPersonExampleMap:PersistentLevel' has LevelScriptBlueprint '/Game/ThirdPersonBP/Maps/ThirdPersonExampleMap.ThirdPersonExampleMap:PersistentLevel.ThirdPersonExampleMap' with GeneratedClass '/Game/ThirdPersonBP/Maps/ThirdPersonExampleMap.ThirdPersonExampleMap_C' with ClassGeneratedBy '/Game/ThirdPersonBP/Maps/ThirdPersonExampleMap.ThirdPersonExampleMap:PersistentLevel.ThirdPersonExampleMap'
[2018.10.05-01.53.35:195][417]LogBlueprintUserMessages: Early EndPlayMap Detection: Level '/Game/ThirdPersonBP/Maps/ThirdPersonExampleMap.ThirdPersonExampleMap:PersistentLevel' has LevelScriptBlueprint '/Game/ThirdPersonBP/Maps/ThirdPersonExampleMap.ThirdPersonExampleMap:PersistentLevel.ThirdPersonExampleMap' with GeneratedClass '/Game/ThirdPersonBP/Maps/ThirdPersonExampleMap.ThirdPersonExampleMap_C' with ClassGeneratedBy '/Game/ThirdPersonBP/Maps/ThirdPersonExampleMap.ThirdPersonExampleMap:PersistentLevel.ThirdPersonExampleMap'
[2018.10.05-01.53.35:195][417]LogSlate: Updating window title bar state: overlay mode, drag disabled, window buttons hidden, title bar hidden
[2018.10.05-01.53.35:238][417]LogPlayLevel: Display: Shutting down PIE online subsystems
[2018.10.05-01.53.35:238][417]LogBlueprintUserMessages: Late EndPlayMap Detection: Level '/Game/ThirdPersonBP/Maps/ThirdPersonExampleMap.ThirdPersonExampleMap:PersistentLevel' has LevelScriptBlueprint '/Game/ThirdPersonBP/Maps/ThirdPersonExampleMap.ThirdPersonExampleMap:PersistentLevel.ThirdPersonExampleMap' with GeneratedClass '/Game/ThirdPersonBP/Maps/ThirdPersonExampleMap.ThirdPersonExampleMap_C' with ClassGeneratedBy '/Game/ThirdPersonBP/Maps/ThirdPersonExampleMap.ThirdPersonExampleMap:PersistentLevel.ThirdPersonExampleMap'
[2018.10.05-01.53.35:274][417]LogSlate: Updating window title bar state: overlay mode, drag disabled, window buttons hidden, title bar hidden
[2018.10.05-01.53.35:321][418]LogPlayLevel: Display: Destroying online subsystem :Context_8
[2018.10.05-01.53.37:164][521]LogSlate: FSceneViewport::OnFocusLost() reason 0
[2018.10.05-01.53.40:999][709]LogSavePackage: Moving 'C:/Users/bhold/OneDrive/Documents/GitHub/TigerDev-DarkSoulsInspiration/Saved/ThirdPersonExampleMap62D5F300457F6D3C3F1FB7A6020BC98A.tmp' to 'C:/Users/bhold/OneDrive/Documents/GitHub/TigerDev-DarkSoulsInspiration/Content/ThirdPersonBP/Maps/ThirdPersonExampleMap.umap'
[2018.10.05-01.53.41:449][709]LogSavePackage: Moving 'C:/Users/bhold/OneDrive/Documents/GitHub/TigerDev-DarkSoulsInspiration/Saved/ThirdPersonExampleMap_BuiltData9B55993C42563BE7C8A00CB86353C400.tmp' to 'C:/Users/bhold/OneDrive/Documents/GitHub/TigerDev-DarkSoulsInspiration/Content/ThirdPersonBP/Maps/ThirdPersonExampleMap_BuiltData.uasset'
[2018.10.05-01.53.42:867][786]LogTemp: Repeating last play command: Selected Viewport
[2018.10.05-01.53.42:887][786]LogBlueprintUserMessages: Early PlayInEditor Detection: Level '/Game/ThirdPersonBP/Maps/ThirdPersonExampleMap.ThirdPersonExampleMap:PersistentLevel' has LevelScriptBlueprint '/Game/ThirdPersonBP/Maps/ThirdPersonExampleMap.ThirdPersonExampleMap:PersistentLevel.ThirdPersonExampleMap' with GeneratedClass '/Game/ThirdPersonBP/Maps/ThirdPersonExampleMap.ThirdPersonExampleMap_C' with ClassGeneratedBy '/Game/ThirdPersonBP/Maps/ThirdPersonExampleMap.ThirdPersonExampleMap:PersistentLevel.ThirdPersonExampleMap'
[2018.10.05-01.53.42:887][786]LogPlayLevel: PlayLevel: No blueprints needed recompiling
[2018.10.05-01.53.42:887][786]PIE: New page: PIE session: ThirdPersonExampleMap (Oct 4, 2018, 3:53:42 PM)
[2018.10.05-01.53.42:887][786]LogPlayLevel: Creating play world package: /Game/ThirdPersonBP/Maps/UEDPIE_0_ThirdPersonExampleMap
[2018.10.05-01.53.42:891][786]LogPlayLevel: PIE: StaticDuplicateObject took: (0.004192s)
[2018.10.05-01.53.42:892][786]LogAIModule: Creating AISystem for world ThirdPersonExampleMap
[2018.10.05-01.53.42:892][786]LogPlayLevel: PIE: World Init took: (0.000802s)
[2018.10.05-01.53.42:892][786]LogPlayLevel: PIE: Created PIE world by copying editor world from /Game/ThirdPersonBP/Maps/ThirdPersonExampleMap.ThirdPersonExampleMap to /Game/ThirdPersonBP/Maps/UEDPIE_0_ThirdPersonExampleMap.ThirdPersonExampleMap (0.005107s)
[2018.10.05-01.53.42:927][786]LogInit: XAudio2 using 'Speakers (Realtek High Definition Audio)' : 2 channels at 48 kHz using 32 bits per sample (channel mask 0x3)
[2018.10.05-01.53.42:945][786]LogInit: FAudioDevice initialized.
[2018.10.05-01.53.42:974][786]LogLoad: Game class is 'ThirdPersonGameMode_C'
[2018.10.05-01.53.42:976][786]LogWorld: Bringing World /Game/ThirdPersonBP/Maps/UEDPIE_0_ThirdPersonExampleMap.ThirdPersonExampleMap up for play (max tick rate 60) at 2018.10.04-20.53.42
[2018.10.05-01.53.42:977][786]LogWorld: Bringing up level for play took: 0.001694
[2018.10.05-01.53.42:989][786]LogSpawn: Warning: SpawnActor failed because no class was specified
[2018.10.05-01.53.42:990][786]PIE: Play in editor start time for /Game/ThirdPersonBP/Maps/UEDPIE_0_ThirdPersonExampleMap -0.045
[2018.10.05-01.53.42:991][786]LogBlueprintUserMessages: Late PlayInEditor Detection: Level '/Game/ThirdPersonBP/Maps/ThirdPersonExampleMap.ThirdPersonExampleMap:PersistentLevel' has LevelScriptBlueprint '/Game/ThirdPersonBP/Maps/ThirdPersonExampleMap.ThirdPersonExampleMap:PersistentLevel.ThirdPersonExampleMap' with GeneratedClass '/Game/ThirdPersonBP/Maps/ThirdPersonExampleMap.ThirdPersonExampleMap_C' with ClassGeneratedBy '/Game/ThirdPersonBP/Maps/ThirdPersonExampleMap.ThirdPersonExampleMap:PersistentLevel.ThirdPersonExampleMap'
[2018.10.05-01.54.44:742][471]LogBlueprintUserMessages: Early EndPlayMap Detection: Level '/Game/ThirdPersonBP/Maps/ThirdPersonExampleMap.ThirdPersonExampleMap:PersistentLevel' has LevelScriptBlueprint '/Game/ThirdPersonBP/Maps/ThirdPersonExampleMap.ThirdPersonExampleMap:PersistentLevel.ThirdPersonExampleMap' with GeneratedClass '/Game/ThirdPersonBP/Maps/ThirdPersonExampleMap.ThirdPersonExampleMap_C' with ClassGeneratedBy '/Game/ThirdPersonBP/Maps/ThirdPersonExampleMap.ThirdPersonExampleMap:PersistentLevel.ThirdPersonExampleMap'
[2018.10.05-01.54.44:743][471]LogSlate: Updating window title bar state: overlay mode, drag disabled, window buttons hidden, title bar hidden
[2018.10.05-01.54.44:786][471]LogPlayLevel: Display: Shutting down PIE online subsystems
[2018.10.05-01.54.44:786][471]LogBlueprintUserMessages: Late EndPlayMap Detection: Level '/Game/ThirdPersonBP/Maps/ThirdPersonExampleMap.ThirdPersonExampleMap:PersistentLevel' has LevelScriptBlueprint '/Game/ThirdPersonBP/Maps/ThirdPersonExampleMap.ThirdPersonExampleMap:PersistentLevel.ThirdPersonExampleMap' with GeneratedClass '/Game/ThirdPersonBP/Maps/ThirdPersonExampleMap.ThirdPersonExampleMap_C' with ClassGeneratedBy '/Game/ThirdPersonBP/Maps/ThirdPersonExampleMap.ThirdPersonExampleMap:PersistentLevel.ThirdPersonExampleMap'
[2018.10.05-01.54.44:828][471]LogSlate: Updating window title bar state: overlay mode, drag disabled, window buttons hidden, title bar hidden
[2018.10.05-01.54.44:877][472]LogPlayLevel: Display: Destroying online subsystem :Context_9
[2018.10.05-01.54.45:415][500]LogSlate: FSceneViewport::OnFocusLost() reason 2
[2018.10.05-01.54.45:727][500]LogSavePackage: Moving 'C:/Users/bhold/OneDrive/Documents/GitHub/TigerDev-DarkSoulsInspiration/Saved/ThirdPersonExampleMap8D8C45C54F1AD3A205C93AA7F352C0ED.tmp' to 'C:/Users/bhold/OneDrive/Documents/GitHub/TigerDev-DarkSoulsInspiration/Content/ThirdPersonBP/Maps/ThirdPersonExampleMap.umap'
[2018.10.05-01.54.46:170][500]LogSavePackage: Moving 'C:/Users/bhold/OneDrive/Documents/GitHub/TigerDev-DarkSoulsInspiration/Saved/ThirdPersonExampleMap_BuiltDataDA3B04494627BE524F14A68264D63A1C.tmp' to 'C:/Users/bhold/OneDrive/Documents/GitHub/TigerDev-DarkSoulsInspiration/Content/ThirdPersonBP/Maps/ThirdPersonExampleMap_BuiltData.uasset'
[2018.10.05-01.55.01:588][413]LogEditorViewport: Clicking on Actor (LMB): StaticMeshActor (Floor3)
[2018.10.05-01.55.03:002][474]Cmd: SELECT NONE
[2018.10.05-01.55.03:566][507]LogSlate: FSceneViewport::OnFocusLost() reason 2
[2018.10.05-01.55.03:862][507]LogSavePackage: Moving 'C:/Users/bhold/OneDrive/Documents/GitHub/TigerDev-DarkSoulsInspiration/Saved/ThirdPersonExampleMapCA0D43754C06CD90660F3FA6855C38DA.tmp' to 'C:/Users/bhold/OneDrive/Documents/GitHub/TigerDev-DarkSoulsInspiration/Content/ThirdPersonBP/Maps/ThirdPersonExampleMap.umap'
[2018.10.05-01.55.04:242][507]LogSavePackage: Moving 'C:/Users/bhold/OneDrive/Documents/GitHub/TigerDev-DarkSoulsInspiration/Saved/ThirdPersonExampleMap_BuiltDataF516C5514119DE7C3E0A49A1DA3AA30B.tmp' to 'C:/Users/bhold/OneDrive/Documents/GitHub/TigerDev-DarkSoulsInspiration/Content/ThirdPersonBP/Maps/ThirdPersonExampleMap_BuiltData.uasset'
[2018.10.05-01.55.20:919][442]LogSavePackage: Moving 'C:/Users/bhold/OneDrive/Documents/GitHub/TigerDev-DarkSoulsInspiration/Saved/ThirdPersonExampleMap26BC9C844A0FA7BBD7EDCB9B854A67EF.tmp' to 'C:/Users/bhold/OneDrive/Documents/GitHub/TigerDev-DarkSoulsInspiration/Content/ThirdPersonBP/Maps/ThirdPersonExampleMap.umap'
[2018.10.05-01.55.20:971][442]LogFileHelpers: Saving map 'ThirdPersonExampleMap' took 0.399
[2018.10.05-01.55.34:760][234]LogSavePackage: Moving 'C:/Users/bhold/OneDrive/Documents/GitHub/TigerDev-DarkSoulsInspiration/Saved/ThirdPersonExampleMap3A11654D499C9DC5ADA2189E53CF194B.tmp' to 'C:/Users/bhold/OneDrive/Documents/GitHub/TigerDev-DarkSoulsInspiration/Content/ThirdPersonBP/Maps/ThirdPersonExampleMap.umap'
[2018.10.05-01.55.34:790][234]LogFileHelpers: Saving map 'ThirdPersonExampleMap' took 0.341
[2018.10.05-01.56.13:855][549]LogSavePackage: Moving 'C:/Users/bhold/OneDrive/Documents/GitHub/TigerDev-DarkSoulsInspiration/Saved/ThirdPersonExampleMap33E1193C4F644C5A5D2678A71F2FDC93.tmp' to 'C:/Users/bhold/OneDrive/Documents/GitHub/TigerDev-DarkSoulsInspiration/Content/ThirdPersonBP/Maps/ThirdPersonExampleMap.umap'
[2018.10.05-01.56.13:883][549]LogFileHelpers: Saving map 'ThirdPersonExampleMap' took 0.333
[2018.10.05-01.56.18:570][821]LogSlate: FSceneViewport::OnFocusLost() reason 2
[2018.10.05-01.56.18:836][821]LogSavePackage: Moving 'C:/Users/bhold/OneDrive/Documents/GitHub/TigerDev-DarkSoulsInspiration/Saved/ThirdPersonExampleMap596435D942E2E96D3EE0DEA89885AB3E.tmp' to 'C:/Users/bhold/OneDrive/Documents/GitHub/TigerDev-DarkSoulsInspiration/Content/ThirdPersonBP/Maps/ThirdPersonExampleMap.umap'
[2018.10.05-01.56.19:262][821]LogSavePackage: Moving 'C:/Users/bhold/OneDrive/Documents/GitHub/TigerDev-DarkSoulsInspiration/Saved/ThirdPersonExampleMap_BuiltData1672F3B34FCE198392F207B2843631E7.tmp' to 'C:/Users/bhold/OneDrive/Documents/GitHub/TigerDev-DarkSoulsInspiration/Content/ThirdPersonBP/Maps/ThirdPersonExampleMap_BuiltData.uasset'
[2018.10.05-01.57.18:456][108]LogSavePackage: Moving 'C:/Users/bhold/OneDrive/Documents/GitHub/TigerDev-DarkSoulsInspiration/Saved/ThirdPersonExampleMapD8477EEC4838F81F980AC485EF4595BE.tmp' to 'C:/Users/bhold/OneDrive/Documents/GitHub/TigerDev-DarkSoulsInspiration/Content/ThirdPersonBP/Maps/ThirdPersonExampleMap.umap'
[2018.10.05-01.57.18:987][108]LogSavePackage: Moving 'C:/Users/bhold/OneDrive/Documents/GitHub/TigerDev-DarkSoulsInspiration/Saved/ThirdPersonExampleMap_BuiltDataD862F7AC4744C75E48E84A88B42F17A7.tmp' to 'C:/Users/bhold/OneDrive/Documents/GitHub/TigerDev-DarkSoulsInspiration/Content/ThirdPersonBP/Maps/ThirdPersonExampleMap_BuiltData.uasset'
[2018.10.05-01.57.20:216][152]LogSlate: Window 'ThirdPersonExampleMap - Level Blueprint Editor' being destroyed
[2018.10.05-01.57.20:387][152]LogSlate: Window 'TigerSouls - Unreal Editor' being destroyed
[2018.10.05-01.57.20:389][152]LogWindowsTextInputMethodSystem: Display: IME system now deactivated.
[2018.10.05-01.57.20:764][153]Cmd: QUIT_EDITOR
[2018.10.05-01.57.21:805][153]LogExit: Preparing to exit.
[2018.10.05-01.57.23:402][153]LogExit: Editor shut down
[2018.10.05-01.57.23:403][153]LogExit: Transaction tracking system shut down
[2018.10.05-01.57.25:371][153]LogExit: Object subsystem successfully closed.
[2018.10.05-01.57.25:547][153]LogShaderCompilers: Display: Shaders left to compile 0
[2018.10.05-01.57.25:577][153]LogD3D11RHI: Shutdown
[2018.10.05-01.57.25:577][153]LogD3D11RHI: CleanupD3DDevice
[2018.10.05-01.57.25:612][153]LogD3D11RHI: ~FD3D11DynamicRHI
[2018.10.05-01.57.26:568][153]LogModuleManager: Shutting down and abandoning module ExternalImagePicker (618)
[2018.10.05-01.57.26:568][153]LogModuleManager: Shutting down and abandoning module BlueprintGraph (616)
[2018.10.05-01.57.26:568][153]LogModuleManager: Shutting down and abandoning module MovieSceneCapture (614)
[2018.10.05-01.57.26:568][153]LogModuleManager: Shutting down and abandoning module Voice (612)
[2018.10.05-01.57.26:569][153]LogModuleManager: Shutting down and abandoning module HierarchicalLODOutliner (610)
[2018.10.05-01.57.26:569][153]LogModuleManager: Shutting down and abandoning module SceneOutliner (608)
[2018.10.05-01.57.26:569][153]LogModuleManager: Shutting down and abandoning module AddContentDialog (606)
[2018.10.05-01.57.26:588][153]LogModuleManager: Shutting down and abandoning module WidgetCarousel (605)
[2018.10.05-01.57.26:588][153]LogModuleManager: Shutting down and abandoning module EditorWidgets (602)
[2018.10.05-01.57.26:589][153]LogModuleManager: Shutting down and abandoning module CollectionManager (600)
[2018.10.05-01.57.26:601][153]LogModuleManager: Shutting down and abandoning module StatsViewer (598)
[2018.10.05-01.57.26:615][153]LogModuleManager: Shutting down and abandoning module FoliageEdit (596)
[2018.10.05-01.57.26:615][153]LogModuleManager: Shutting down and abandoning module LandscapeEditor (594)
[2018.10.05-01.57.26:629][153]LogModuleManager: Shutting down and abandoning module MeshPaintMode (592)
[2018.10.05-01.57.26:631][153]LogModuleManager: Shutting down and abandoning module SceneDepthPickerMode (590)
[2018.10.05-01.57.26:632][153]LogModuleManager: Shutting down and abandoning module ActorPickerMode (588)
[2018.10.05-01.57.26:632][153]LogModuleManager: Shutting down and abandoning module GeometryMode (586)
[2018.10.05-01.57.26:633][153]LogModuleManager: Shutting down and abandoning module TextureAlignMode (584)
[2018.10.05-01.57.26:633][153]LogModuleManager: Shutting down and abandoning module BspMode (582)
[2018.10.05-01.57.26:633][153]LogModuleManager: Shutting down and abandoning module PIEPreviewDeviceProfileSelector (580)
[2018.10.05-01.57.26:635][153]LogModuleManager: Shutting down and abandoning module SequenceRecorderSections (578)
[2018.10.05-01.57.26:635][153]LogModuleManager: Shutting down and abandoning module AutomationWorker (576)
[2018.10.05-01.57.26:636][153]LogModuleManager: Shutting down and abandoning module AudioCaptureEditor (574)
[2018.10.05-01.57.26:636][153]LogModuleManager: Shutting down and abandoning module SequenceRecorder (573)
[2018.10.05-01.57.26:636][153]LogModuleManager: Shutting down and abandoning module MatineeToLevelSequence (570)
[2018.10.05-01.57.26:654][153]LogModuleManager: Shutting down and abandoning module LevelSequenceEditor (568)
[2018.10.05-01.57.26:669][153]LogModuleManager: Shutting down and abandoning module PlacementMode (567)
[2018.10.05-01.57.26:669][153]LogModuleManager: Shutting down and abandoning module MaterialEditor (566)
[2018.10.05-01.57.26:706][153]LogModuleManager: Shutting down and abandoning module WmfMediaFactory (562)
[2018.10.05-01.57.26:706][153]LogModuleManager: Shutting down and abandoning module WmfMediaEditor (560)
[2018.10.05-01.57.26:706][153]LogModuleManager: Shutting down and abandoning module MediaPlayerEditor (558)
[2018.10.05-01.57.26:721][153]LogModuleManager: Shutting down and abandoning module OpenExrWrapper (556)
[2018.10.05-01.57.26:721][153]LogModuleManager: Shutting down and abandoning module ImgMediaFactory (554)
[2018.10.05-01.57.26:721][153]LogModuleManager: Shutting down and abandoning module ImgMediaEditor (552)
[2018.10.05-01.57.26:722][153]LogModuleManager: Shutting down and abandoning module AvfMediaFactory (550)
[2018.10.05-01.57.26:722][153]LogModuleManager: Shutting down and abandoning module AvfMediaEditor (548)
[2018.10.05-01.57.26:722][153]LogModuleManager: Shutting down and abandoning module AndroidMediaFactory (546)
[2018.10.05-01.57.26:722][153]LogModuleManager: Shutting down and abandoning module AndroidMediaEditor (544)
[2018.10.05-01.57.26:722][153]LogModuleManager: Shutting down and abandoning module MagicLeapCameraPreviewFactory (542)
[2018.10.05-01.57.26:722][153]LogModuleManager: Shutting down and abandoning module MagicLeapMediaFactory (540)
[2018.10.05-01.57.26:722][153]LogModuleManager: Shutting down and abandoning module MagicLeapMediaEditor (538)
[2018.10.05-01.57.26:722][153]LogModuleManager: Shutting down and abandoning module CharacterAI (536)
[2018.10.05-01.57.26:722][153]LogModuleManager: Shutting down and abandoning module SmartSnapping (534)
[2018.10.05-01.57.26:722][153]LogModuleManager: Shutting down and abandoning module SessionServices (532)
[2018.10.05-01.57.26:722][153]LogModuleManager: Shutting down and abandoning module ViewportSnapping (530)
[2018.10.05-01.57.26:722][153]LogModuleManager: Shutting down and abandoning module ViewportInteraction (528)
[2018.10.05-01.57.26:722][153]LogModuleManager: Shutting down and abandoning module ClothPainter (526)
[2018.10.05-01.57.26:737][153]LogModuleManager: Shutting down and abandoning module SkeletalMeshEditor (525)
[2018.10.05-01.57.26:746][153]LogModuleManager: Shutting down and abandoning module LogVisualizer (522)
[2018.10.05-01.57.26:764][153]LogModuleManager: Shutting down and abandoning module IntroTutorials (520)
[2018.10.05-01.57.26:776][153]LogModuleManager: Shutting down and abandoning module GameProjectGeneration (519)
[2018.10.05-01.57.26:777][153]LogModuleManager: Shutting down and abandoning module LuminPlatformEditor (516)
[2018.10.05-01.57.26:777][153]LogModuleManager: Shutting down and abandoning module IOSPlatformEditor (514)
[2018.10.05-01.57.26:777][153]LogModuleManager: Shutting down and abandoning module HTML5PlatformEditor (512)
[2018.10.05-01.57.26:777][153]LogModuleManager: Shutting down and abandoning module AndroidPlatformEditor (510)
[2018.10.05-01.57.26:777][153]LogModuleManager: Shutting down and abandoning module AndroidDeviceDetection (509)
[2018.10.05-01.57.27:908][153]LogModuleManager: Shutting down and abandoning module WindowsPlatformEditor (506)
[2018.10.05-01.57.27:908][153]LogModuleManager: Shutting down and abandoning module LuminRuntimeSettings (504)
[2018.10.05-01.57.27:909][153]LogModuleManager: Shutting down and abandoning module IOSRuntimeSettings (502)
[2018.10.05-01.57.27:909][153]LogModuleManager: Shutting down and abandoning module AndroidRuntimeSettings (500)
[2018.10.05-01.57.27:909][153]LogModuleManager: Shutting down and abandoning module InputBindingEditor (498)
[2018.10.05-01.57.27:994][153]LogModuleManager: Shutting down and abandoning module MergeActors (496)
[2018.10.05-01.57.28:017][153]LogModuleManager: Shutting down and abandoning module LocalizationDashboard (494)
[2018.10.05-01.57.28:032][153]LogModuleManager: Shutting down and abandoning module LocalizationService (493)
[2018.10.05-01.57.28:042][153]LogModuleManager: Shutting down and abandoning module HardwareTargeting (490)
[2018.10.05-01.57.28:042][153]LogModuleManager: Shutting down and abandoning module DeviceProfileEditor (488)
[2018.10.05-01.57.28:042][153]LogModuleManager: Shutting down and abandoning module UndoHistory (486)
[2018.10.05-01.57.28:043][153]LogModuleManager: Shutting down and abandoning module XmlParser (484)
[2018.10.05-01.57.28:043][153]LogModuleManager: Shutting down and abandoning module Blutility (482)
[2018.10.05-01.57.28:044][153]LogModuleManager: Shutting down and abandoning module ProjectSettingsViewer (480)
[2018.10.05-01.57.28:044][153]LogModuleManager: Shutting down and abandoning module ProjectTargetPlatformEditor (479)
[2018.10.05-01.57.28:044][153]LogModuleManager: Shutting down and abandoning module EditorSettingsViewer (476)
[2018.10.05-01.57.28:044][153]LogModuleManager: Shutting down and abandoning module SettingsEditor (474)
[2018.10.05-01.57.28:067][153]LogModuleManager: Shutting down and abandoning module ProjectLauncher (472)
[2018.10.05-01.57.28:084][153]LogModuleManager: Shutting down and abandoning module SessionFrontend (470)
[2018.10.05-01.57.28:084][153]LogModuleManager: Shutting down and abandoning module ProfilerClient (468)
[2018.10.05-01.57.28:085][153]LogModuleManager: Shutting down and abandoning module DeviceManager (466)
[2018.10.05-01.57.28:086][153]LogModuleManager: Shutting down and abandoning module TargetDeviceServices (465)
[2018.10.05-01.57.28:157][153]LogModuleManager: Shutting down and abandoning module AutomationController (462)
[2018.10.05-01.57.28:180][153]LogModuleManager: Shutting down and abandoning module AutomationWindow (460)
[2018.10.05-01.57.28:195][153]LogModuleManager: Shutting down and abandoning module Layers (458)
[2018.10.05-01.57.28:208][153]LogModuleManager: Shutting down and abandoning module ComponentVisualizers (456)
[2018.10.05-01.57.28:208][153]LogModuleManager: Shutting down and abandoning module DetailCustomizations (454)
[2018.10.05-01.57.28:214][153]LogModuleManager: Shutting down and abandoning module PackagesDialog (452)
[2018.10.05-01.57.28:215][153]LogModuleManager: Shutting down and abandoning module Persona (450)
[2018.10.05-01.57.28:246][153]LogModuleManager: Shutting down and abandoning module AdvancedPreviewScene (449)
[2018.10.05-01.57.28:246][153]LogModuleManager: Shutting down and abandoning module AnimGraph (447)
[2018.10.05-01.57.28:258][153]LogModuleManager: Shutting down and abandoning module Kismet (444)
[2018.10.05-01.57.28:286][153]LogModuleManager: Shutting down and abandoning module GraphEditor (442)
[2018.10.05-01.57.28:287][153]LogModuleManager: Shutting down and abandoning module ClassViewer (440)
[2018.10.05-01.57.28:287][153]LogModuleManager: Shutting down and abandoning module Toolbox (438)
[2018.10.05-01.57.28:287][153]LogModuleManager: Shutting down and abandoning module ModuleUI (436)
[2018.10.05-01.57.28:296][153]LogModuleManager: Shutting down and abandoning module MovieSceneTools (434)
[2018.10.05-01.57.28:312][153]LogModuleManager: Shutting down and abandoning module OutputLog (432)
[2018.10.05-01.57.28:312][153]LogModuleManager: Shutting down and abandoning module GammaUI (430)
[2018.10.05-01.57.28:319][153]LogModuleManager: Shutting down and abandoning module Documentation (428)
[2018.10.05-01.57.28:319][153]LogModuleManager: Shutting down and abandoning module MovieSceneTracks (426)
[2018.10.05-01.57.28:320][153]LogModuleManager: Shutting down and abandoning module MovieScene (424)
[2018.10.05-01.57.28:326][153]LogModuleManager: Shutting down and abandoning module StreamingPauseRendering (422)
[2018.10.05-01.57.28:336][153]LogModuleManager: Shutting down and abandoning module LauncherPlatform (420)
[2018.10.05-01.57.28:336][153]LogModuleManager: Shutting down and abandoning module AnalyticsET (418)
[2018.10.05-01.57.28:336][153]LogModuleManager: Shutting down and abandoning module PortalServices (416)
[2018.10.05-01.57.28:336][153]LogModuleManager: Shutting down and abandoning module PortalRpc (414)
[2018.10.05-01.57.28:336][153]LogModuleManager: Shutting down and abandoning module MessagingRpc (412)
[2018.10.05-01.57.28:336][153]LogModuleManager: Shutting down and abandoning module AIModule (410)
[2018.10.05-01.57.28:351][153]LogModuleManager: Shutting down and abandoning module GameplayDebugger (409)
[2018.10.05-01.57.28:361][153]LogModuleManager: Shutting down and abandoning module AITestSuite (407)
[2018.10.05-01.57.28:369][153]LogModuleManager: Shutting down and abandoning module NavigationSystem (405)
[2018.10.05-01.57.28:369][153]LogModuleManager: Shutting down and abandoning module DesktopPlatform (402)
[2018.10.05-01.57.28:369][153]LogModuleManager: Shutting down and abandoning module ProfilerService (400)
[2018.10.05-01.57.28:377][153]LogModuleManager: Shutting down and abandoning module TaskGraph (398)
[2018.10.05-01.57.28:390][153]LogModuleManager: Shutting down and abandoning module SteamVRController (396)
[2018.10.05-01.57.28:390][153]LogModuleManager: Shutting down and abandoning module ProceduralMeshComponentEditor (394)
[2018.10.05-01.57.28:390][153]LogModuleManager: Shutting down and abandoning module ProceduralMeshComponent (392)
[2018.10.05-01.57.28:400][153]LogModuleManager: Shutting down and abandoning module OculusInput (390)
[2018.10.05-01.57.28:400][153]LogModuleManager: Shutting down and abandoning module MobilePatchingUtils (388)
[2018.10.05-01.57.28:400][153]LogModuleManager: Shutting down and abandoning module EditableMesh (386)
[2018.10.05-01.57.28:414][153]LogModuleManager: Shutting down and abandoning module CustomMeshComponent (384)
[2018.10.05-01.57.28:414][153]LogModuleManager: Shutting down and abandoning module CableComponent (382)
[2018.10.05-01.57.28:414][153]LogModuleManager: Shutting down and abandoning module AudioCapture (380)
[2018.10.05-01.57.28:414][153]LogModuleManager: Shutting down and abandoning module ArchVisCharacter (378)
[2018.10.05-01.57.28:414][153]LogModuleManager: Shutting down and abandoning module AndroidPermission (376)
[2018.10.05-01.57.28:414][153]LogModuleManager: Shutting down and abandoning module NUTUnrealEngine4 (374)
[2018.10.05-01.57.28:414][153]LogModuleManager: Shutting down and abandoning module NetcodeUnitTest (372)
[2018.10.05-01.57.28:448][153]LogModuleManager: Shutting down and abandoning module MediaCompositingEditor (370)
[2018.10.05-01.57.28:448][153]LogModuleManager: Shutting down and abandoning module MediaCompositing (368)
[2018.10.05-01.57.28:448][153]LogModuleManager: Shutting down and abandoning module LinearTimecode (366)
[2018.10.05-01.57.28:448][153]LogModuleManager: Shutting down and abandoning module ImgMedia (364)
[2018.10.05-01.57.28:465][153]LogModuleManager: Shutting down and abandoning module HTML5Networking (362)
[2018.10.05-01.57.28:465][153]LogModuleManager: Shutting down and abandoning module GeometryCacheTracks (360)
[2018.10.05-01.57.28:465][153]LogModuleManager: Shutting down and abandoning module GeometryCacheSequencer (358)
[2018.10.05-01.57.28:465][153]LogModuleManager: Shutting down and abandoning module BackChannel (356)
[2018.10.05-01.57.28:479][153]LogModuleManager: Shutting down and abandoning module AppleVision (354)
[2018.10.05-01.57.28:479][153]LogModuleManager: Shutting down and abandoning module AppleImageUtils (352)
[2018.10.05-01.57.28:479][153]LogModuleManager: Shutting down and abandoning module AlembicImporter (350)
[2018.10.05-01.57.28:479][153]LogModuleManager: Shutting down and abandoning module AlembicLibrary (349)
[2018.10.05-01.57.28:479][153]LogModuleManager: Shutting down and abandoning module GeometryCache (348)
[2018.10.05-01.57.28:479][153]LogModuleManager: Shutting down and abandoning module GeometryCacheEd (347)
[2018.10.05-01.57.28:480][153]LogModuleManager: Shutting down and abandoning module DatasmithContentEditor (342)
[2018.10.05-01.57.28:490][153]LogModuleManager: Shutting down and abandoning module DatasmithContent (340)
[2018.10.05-01.57.28:491][153]LogModuleManager: Shutting down and abandoning module SpeedTreeImporter (338)
[2018.10.05-01.57.28:491][153]LogModuleManager: Shutting down and abandoning module PluginBrowser (336)
[2018.10.05-01.57.28:501][153]LogModuleManager: Shutting down and abandoning module MobileLauncherProfileWizard (334)
[2018.10.05-01.57.28:507][153]LogModuleManager: Shutting down and abandoning module PolygonModeling (332)
[2018.10.05-01.57.28:507][153]LogModuleManager: Shutting down and abandoning module MeshEditor (330)
[2018.10.05-01.57.28:511][153]LogModuleManager: Shutting down and abandoning module CryptoKeysOpenSSL (328)
[2018.10.05-01.57.28:519][153]LogModuleManager: Shutting down and abandoning module CryptoKeys (326)
[2018.10.05-01.57.28:519][153]LogModuleManager: Shutting down and abandoning module VisualStudioSourceCodeAccess (324)
[2018.10.05-01.57.28:519][153]LogModuleManager: Shutting down and abandoning module VisualStudioCodeSourceCodeAccess (322)
[2018.10.05-01.57.28:519][153]LogModuleManager: Shutting down and abandoning module UObjectPlugin (320)
[2018.10.05-01.57.28:519][153]LogModuleManager: Shutting down and abandoning module SubversionSourceControl (318)
[2018.10.05-01.57.28:526][153]LogModuleManager: Shutting down and abandoning module PerforceSourceControl (316)
[2018.10.05-01.57.28:538][153]LogModuleManager: Shutting down and abandoning module GitSourceControl (314)
[2018.10.05-01.57.28:544][153]LogModuleManager: Shutting down and abandoning module SourceControl (313)
[2018.10.05-01.57.28:558][153]LogModuleManager: Shutting down and abandoning module CLionSourceCodeAccess (310)
[2018.10.05-01.57.28:558][153]LogModuleManager: Shutting down and abandoning module LightPropagationVolumeEditor (308)
[2018.10.05-01.57.28:558][153]LogModuleManager: Shutting down and abandoning module PaperTiledImporter (306)
[2018.10.05-01.57.28:558][153]LogModuleManager: Shutting down and abandoning module PaperSpriteSheetImporter (304)
[2018.10.05-01.57.28:558][153]LogModuleManager: Shutting down and abandoning module Paper2DEditor (302)
[2018.10.05-01.57.28:573][153]LogModuleManager: Shutting down and abandoning module MeshPaint (301)
[2018.10.05-01.57.28:578][153]LogModuleManager: Shutting down and abandoning module RuntimePhysXCooking (298)
[2018.10.05-01.57.28:578][153]LogModuleManager: Shutting down and abandoning module PhysXVehiclesEditor (296)
[2018.10.05-01.57.28:578][153]LogModuleManager: Shutting down and abandoning module PhysXVehicles (294)
[2018.10.05-01.57.28:578][153]LogModuleManager: Shutting down and abandoning module OculusEditor (292)
[2018.10.05-01.57.28:586][153]LogModuleManager: Shutting down and abandoning module LocationServicesBPLibrary (290)
[2018.10.05-01.57.28:586][153]LogModuleManager: Shutting down and abandoning module ImmediatePhysicsEditor (288)
[2018.10.05-01.57.28:586][153]LogModuleManager: Shutting down and abandoning module ImmediatePhysics (286)
[2018.10.05-01.57.28:603][153]LogModuleManager: Shutting down and abandoning module ActorSequence (284)
[2018.10.05-01.57.28:603][153]LogModuleManager: Shutting down and abandoning module UdpMessaging (282)
[2018.10.05-01.57.28:705][153]LogModuleManager: Shutting down and abandoning module TcpMessaging (280)
[2018.10.05-01.57.28:814][153]LogModuleManager: Shutting down and abandoning module MagicLeapAudio (278)
[2018.10.05-01.57.28:814][153]LogModuleManager: Shutting down and abandoning module GameplayTagsEditor (276)
[2018.10.05-01.57.28:828][153]LogModuleManager: Shutting down and abandoning module FacialAnimationEditor (274)
[2018.10.05-01.57.28:828][153]LogModuleManager: Shutting down and abandoning module FacialAnimation (272)
[2018.10.05-01.57.28:828][153]LogModuleManager: Shutting down and abandoning module DataValidation (270)
[2018.10.05-01.57.28:828][153]LogModuleManager: Shutting down and abandoning module AssetManagerEditor (268)
[2018.10.05-01.57.28:842][153]LogModuleManager: Shutting down and abandoning module LevelEditor (267)
[2018.10.05-01.57.28:858][153]LogModuleManager: Shutting down and abandoning module PixelInspectorModule (266)
[2018.10.05-01.57.28:868][153]LogModuleManager: Shutting down and abandoning module CommonMenuExtensions (264)
[2018.10.05-01.57.28:868][153]LogModuleManager: Shutting down and abandoning module MainFrame (262)
[2018.10.05-01.57.28:876][153]LogModuleManager: Shutting down and abandoning module HotReload (261)
[2018.10.05-01.57.28:891][153]LogModuleManager: Shutting down and abandoning module ContentBrowser (257)
[2018.10.05-01.57.28:893][153]LogModuleManager: Shutting down and abandoning module TreeMap (255)
[2018.10.05-01.57.28:899][153]LogModuleManager: Shutting down and abandoning module LightPropagationVolumeRuntime (252)
[2018.10.05-01.57.28:899][153]LogModuleManager: Shutting down and abandoning module AISupportModule (250)
[2018.10.05-01.57.28:899][153]LogModuleManager: Shutting down and abandoning module Paper2D (248)
[2018.10.05-01.57.28:903][153]LogModuleManager: Shutting down and abandoning module WindowsMoviePlayer (246)
[2018.10.05-01.57.28:916][153]LogModuleManager: Shutting down and abandoning module WmfMedia (244)
[2018.10.05-01.57.28:928][153]LogModuleManager: Shutting down and abandoning module Media (243)
[2018.10.05-01.57.28:935][153]LogModuleManager: Shutting down and abandoning module PacketHandler (240)
[2018.10.05-01.57.28:936][153]LogModuleManager: Shutting down and abandoning module ClothingSystemEditor (238)
[2018.10.05-01.57.28:936][153]LogModuleManager: Shutting down and abandoning module ClothingSystemRuntime (236)
[2018.10.05-01.57.28:948][153]LogModuleManager: Shutting down and abandoning module MediaAssets (234)
[2018.10.05-01.57.28:948][153]LogModuleManager: Shutting down and abandoning module Overlay (232)
[2018.10.05-01.57.28:948][153]LogModuleManager: Shutting down and abandoning module OverlayEditor (231)
[2018.10.05-01.57.28:948][153]LogModuleManager: Shutting down and abandoning module VREditor (228)
[2018.10.05-01.57.28:953][153]LogModuleManager: Shutting down and abandoning module StringTableEditor (226)
[2018.10.05-01.57.28:962][153]LogModuleManager: Shutting down and abandoning module GameplayTasksEditor (224)
[2018.10.05-01.57.28:963][153]LogModuleManager: Shutting down and abandoning module BehaviorTreeEditor (222)
[2018.10.05-01.57.28:988][153]LogModuleManager: Shutting down and abandoning module FunctionalTesting (220)
[2018.10.05-01.57.29:000][153]LogModuleManager: Shutting down and abandoning module CollisionAnalyzer (218)
[2018.10.05-01.57.29:016][153]LogModuleManager: Shutting down and abandoning module WorkspaceMenuStructure (217)
[2018.10.05-01.57.29:016][153]LogModuleManager: Shutting down and abandoning module UMG (214)
[2018.10.05-01.57.29:028][153]LogModuleManager: Shutting down and abandoning module UMGEditor (213)
[2018.10.05-01.57.29:049][153]LogModuleManager: Shutting down and abandoning module Sequencer (212)
[2018.10.05-01.57.29:085][153]LogModuleManager: Shutting down and abandoning module MessageLog (209)
[2018.10.05-01.57.29:085][153]LogModuleManager: Shutting down and abandoning module SlateReflector (204)
[2018.10.05-01.57.29:107][153]LogModuleManager: Shutting down and abandoning module Slate (202)
[2018.10.05-01.57.29:107][153]LogModuleManager: Shutting down and abandoning module EditorStyle (200)
[2018.10.05-01.57.29:110][153]LogModuleManager: Shutting down and abandoning module MRMesh (198)
[2018.10.05-01.57.29:117][153]LogModuleManager: Shutting down and abandoning module SourceCodeAccess (196)
[2018.10.05-01.57.29:117][153]LogModuleManager: Shutting down and abandoning module HeadMountedDisplay (194)
[2018.10.05-01.57.29:117][153]LogModuleManager: Shutting down and abandoning module XAudio2 (192)
[2018.10.05-01.57.29:117][153]LogModuleManager: Shutting down and abandoning module Networking (190)
[2018.10.05-01.57.29:117][153]LogModuleManager: Shutting down and abandoning module Core (188)
[2018.10.05-01.57.29:117][153]LogModuleManager: Shutting down and abandoning module LevelSequence (186)
[2018.10.05-01.57.29:117][153]LogModuleManager: Shutting down and abandoning module KismetCompiler (184)
[2018.10.05-01.57.29:117][153]LogModuleManager: Shutting down and abandoning module MeshUtilities (182)
[2018.10.05-01.57.29:118][153]LogModuleManager: Shutting down and abandoning module MeshMergeUtilities (181)
[2018.10.05-01.57.29:127][153]LogModuleManager: Shutting down and abandoning module MeshReductionInterface (180)
[2018.10.05-01.57.29:127][153]LogModuleManager: Shutting down and abandoning module SimplygonSwarm (179)
[2018.10.05-01.57.29:136][153]LogModuleManager: Shutting down and abandoning module ProxyLODMeshReduction (177)
[2018.10.05-01.57.29:150][153]LogModuleManager: Shutting down and abandoning module SimplygonMeshReduction (175)
[2018.10.05-01.57.29:150][153]LogModuleManager: Shutting down and abandoning module QuadricMeshReduction (173)
[2018.10.05-01.57.29:160][153]LogModuleManager: Shutting down and abandoning module MaterialBaking (169)
[2018.10.05-01.57.29:170][153]LogModuleManager: Shutting down and abandoning module DirectoryWatcher (165)
[2018.10.05-01.57.29:170][153]LogModuleManager: Shutting down and abandoning module DerivedDataCache (162)
[2018.10.05-01.57.29:212][153]LogDerivedDataCache: Shutdown
[2018.10.05-01.57.29:212][153]LogModuleManager: Shutting down and abandoning module XGEController (160)
[2018.10.05-01.57.29:222][153]LogModuleManager: Shutting down and abandoning module TargetPlatform (158)
[2018.10.05-01.57.29:222][153]LogModuleManager: Shutting down and abandoning module VulkanShaderFormat (157)
[2018.10.05-01.57.29:236][153]LogModuleManager: Shutting down and abandoning module ShaderFormatVectorVM (155)
[2018.10.05-01.57.29:249][153]LogModuleManager: Shutting down and abandoning module ShaderFormatOpenGL (153)
[2018.10.05-01.57.29:261][153]LogModuleManager: Shutting down and abandoning module ShaderFormatD3D (151)
[2018.10.05-01.57.29:261][153]LogModuleManager: Shutting down and abandoning module MetalShaderFormat (149)
[2018.10.05-01.57.29:276][153]LogModuleManager: Shutting down and abandoning module TextureFormatUncompressed (147)
[2018.10.05-01.57.29:276][153]LogModuleManager: Shutting down and abandoning module TextureFormatPVR (145)
[2018.10.05-01.57.29:276][153]LogModuleManager: Shutting down and abandoning module TextureFormatDXT (143)
[2018.10.05-01.57.29:287][153]LogModuleManager: Shutting down and abandoning module TextureFormatIntelISPCTexComp (141)
[2018.10.05-01.57.29:297][153]LogModuleManager: Shutting down and abandoning module TextureFormatASTC (139)
[2018.10.05-01.57.29:297][153]LogModuleManager: Shutting down and abandoning module ImageWrapper (138)
[2018.10.05-01.57.29:297][153]LogModuleManager: Shutting down and abandoning module TextureFormatAndroid (135)
[2018.10.05-01.57.29:297][153]LogModuleManager: Shutting down and abandoning module AudioFormatOpus (133)
[2018.10.05-01.57.29:297][153]LogModuleManager: Shutting down and abandoning module AudioFormatOgg (131)
[2018.10.05-01.57.29:297][153]LogModuleManager: Shutting down and abandoning module AudioFormatADPCM (129)
[2018.10.05-01.57.29:297][153]LogModuleManager: Shutting down and abandoning module LuminTargetPlatform (127)
[2018.10.05-01.57.29:297][153]LogModuleManager: Shutting down and abandoning module LinuxTargetPlatform (125)
[2018.10.05-01.57.29:297][153]LogModuleManager: Shutting down and abandoning module LinuxServerTargetPlatform (123)
[2018.10.05-01.57.29:297][153]LogModuleManager: Shutting down and abandoning module LinuxNoEditorTargetPlatform (121)
[2018.10.05-01.57.29:306][153]LogModuleManager: Shutting down and abandoning module LinuxClientTargetPlatform (119)
[2018.10.05-01.57.29:314][153]LogModuleManager: Shutting down and abandoning module TVOSTargetPlatform (117)
[2018.10.05-01.57.29:314][153]LogModuleManager: Shutting down and abandoning module Messaging (115)
[2018.10.05-01.57.29:314][153]LogModuleManager: Shutting down and abandoning module IOSTargetPlatform (113)
[2018.10.05-01.57.29:346][153]LogModuleManager: Shutting down and abandoning module HTML5TargetPlatform (111)
[2018.10.05-01.57.29:346][153]LogModuleManager: Shutting down and abandoning module AndroidTargetPlatform (109)
[2018.10.05-01.57.29:358][153]LogModuleManager: Shutting down and abandoning module WindowsTargetPlatform (107)
[2018.10.05-01.57.29:358][153]LogModuleManager: Shutting down and abandoning module WindowsServerTargetPlatform (105)
[2018.10.05-01.57.29:358][153]LogModuleManager: Shutting down and abandoning module WindowsNoEditorTargetPlatform (103)
[2018.10.05-01.57.29:358][153]LogModuleManager: Shutting down and abandoning module WindowsClientTargetPlatform (101)
[2018.10.05-01.57.29:358][153]LogModuleManager: Shutting down and abandoning module MacTargetPlatform (99)
[2018.10.05-01.57.29:358][153]LogModuleManager: Shutting down and abandoning module MacServerTargetPlatform (97)
[2018.10.05-01.57.29:358][153]LogModuleManager: Shutting down and abandoning module MacNoEditorTargetPlatform (95)
[2018.10.05-01.57.29:358][153]LogModuleManager: Shutting down and abandoning module MacClientTargetPlatform (93)
[2018.10.05-01.57.29:358][153]LogModuleManager: Shutting down and abandoning module AllDesktopTargetPlatform (91)
[2018.10.05-01.57.29:358][153]LogModuleManager: Shutting down and abandoning module InputCore (88)
[2018.10.05-01.57.29:358][153]LogModuleManager: Shutting down and abandoning module Settings (86)
[2018.10.05-01.57.29:358][153]LogModuleManager: Shutting down and abandoning module PhysXCooking (84)
[2018.10.05-01.57.29:358][153]LogModuleManager: Shutting down and abandoning module SteamVR (82)
[2018.10.05-01.57.29:358][153]LogModuleManager: Shutting down and abandoning module OculusHMD (80)
[2018.10.05-01.57.29:359][153]LogModuleManager: Shutting down and abandoning module ExampleDeviceProfileSelector (78)
[2018.10.05-01.57.29:359][153]LogModuleManager: Shutting down and abandoning module LauncherChunkInstaller (76)
[2018.10.05-01.57.29:359][153]LogModuleManager: Shutting down and abandoning module OnlineBlueprintSupport (74)
[2018.10.05-01.57.29:359][153]LogModuleManager: Shutting down and abandoning module OnlineSubsystem (70)
[2018.10.05-01.57.29:367][153]LogModuleManager: Shutting down and abandoning module XMPP (65)
[2018.10.05-01.57.29:392][153]LogModuleManager: Shutting down and abandoning module WebSockets (64)
[2018.10.05-01.57.29:439][153]LogModuleManager: Shutting down and abandoning module HTTP (61)
[2018.10.05-01.57.29:450][153]LogHttp: Display: Http module shutting down, but needs to wait on 1 outstanding Http requests:
[2018.10.05-01.57.29:450][153]LogHttp: Display: 	verb=[POST] url=[https://datarouter.ol.epicgames.com/datarouter/api/v1/public/data?SessionID=%7B02C9DD48-4A48-CC02-1F75-01B9703FA404%7D&AppID=UEEditor.Rocket.Release&AppVersion=4.20.2-4302132%2B%2B%2BUE4%2BRelease-4.20&UserID=c2adf15c48a36a05bee324a04a72590a%7C57669c29f68240b9b2e1399e4dc0b962%7Cb42a18bc-17cc-46c2-98bf-75b6afa36d2c&AppEnvironment=datacollector-binary&UploadType=eteventstream] status=Processing
[2018.10.05-01.57.29:457][153]LogModuleManager: Shutting down and abandoning module SSL (60)
[2018.10.05-01.57.29:474][153]LogModuleManager: Shutting down and abandoning module MagicLeapEmulator (56)
[2018.10.05-01.57.29:474][153]LogModuleManager: Shutting down and abandoning module MagicLeapPrivileges (54)
[2018.10.05-01.57.29:474][153]LogModuleManager: Shutting down and abandoning module MagicLeapIdentity (52)
[2018.10.05-01.57.29:475][153]LogModuleManager: Shutting down and abandoning module MagicLeapHelperVulkan (50)
[2018.10.05-01.57.29:475][153]LogModuleManager: Shutting down and abandoning module MagicLeapHelperOpenGL (48)
[2018.10.05-01.57.29:475][153]LogModuleManager: Shutting down and abandoning module MagicLeapSecureStorage (46)
[2018.10.05-01.57.29:475][153]LogModuleManager: Shutting down and abandoning module MagicLeapGestures (44)
[2018.10.05-01.57.29:475][153]LogModuleManager: Shutting down and abandoning module MagicLeapEyeTracker (42)
[2018.10.05-01.57.29:475][153]LogModuleManager: Shutting down and abandoning module MagicLeapController (40)
[2018.10.05-01.57.29:475][153]LogSlate: Slate User Destroyed.  User Index 0, Is Virtual User: 0
[2018.10.05-01.57.29:475][153]LogModuleManager: Shutting down and abandoning module MagicLeap (38)
[2018.10.05-01.57.29:475][153]LogModuleManager: Shutting down and abandoning module AnimationModifiers (36)
[2018.10.05-01.57.29:490][153]LogModuleManager: Shutting down and abandoning module PropertyEditor (35)
[2018.10.05-01.57.29:504][153]LogModuleManager: Shutting down and abandoning module AudioEditor (32)
[2018.10.05-01.57.29:521][153]LogModuleManager: Shutting down and abandoning module TextureCompressor (30)
[2018.10.05-01.57.29:540][153]LogModuleManager: Shutting down and abandoning module ShaderCore (28)
[2018.10.05-01.57.29:540][153]LogModuleManager: Shutting down and abandoning module Landscape (26)
[2018.10.05-01.57.29:540][153]LogModuleManager: Shutting down and abandoning module SlateRHIRenderer (24)
[2018.10.05-01.57.29:557][153]LogModuleManager: Shutting down and abandoning module OpenGLDrv (22)
[2018.10.05-01.57.29:572][153]LogModuleManager: Shutting down and abandoning module D3D11RHI (20)
[2018.10.05-01.57.29:572][153]LogModuleManager: Shutting down and abandoning module AnimGraphRuntime (18)
[2018.10.05-01.57.29:586][153]LogModuleManager: Shutting down and abandoning module Renderer (16)
[2018.10.05-01.57.29:586][153]LogModuleManager: Shutting down and abandoning module Engine (14)
[2018.10.05-01.57.29:586][153]LogModuleManager: Shutting down and abandoning module CoreUObject (12)
[2018.10.05-01.57.29:586][153]LogModuleManager: Shutting down and abandoning module NetworkFile (10)
[2018.10.05-01.57.29:597][153]LogModuleManager: Shutting down and abandoning module CookedIterativeFile (8)
[2018.10.05-01.57.29:597][153]LogModuleManager: Shutting down and abandoning module StreamingFile (6)
[2018.10.05-01.57.29:607][153]LogModuleManager: Shutting down and abandoning module SandboxFile (4)
[2018.10.05-01.57.29:607][153]LogModuleManager: Shutting down and abandoning module PakFile (2)
[2018.10.05-01.57.29:643][153]LogExit: Exiting.
[2018.10.05-01.57.29:655][153]Log file closed, 10/04/18 20:57:29
